2020-06-13 18:13:36,778 INFO  [log] 200
2020-06-13 18:13:36,781 INFO  [log] {"success":1,"error":[],"data":{"access_token":"2730c119514f8f7791a491fc1f3cb77cc3332fa8","expires_in":86400,"token_type":"Bearer"}}
2020-06-13 18:13:36,807 INFO  [log] 2730c119514f8f7791a491fc1f3cb77cc3332fa8
2020-06-13 18:13:37,776 INFO  [log] 200
2020-06-13 18:13:37,779 INFO  [log] {"success":1,"error":[],"data":[]}
2020-06-13 18:13:37,780 INFO  [log] 1
2020-06-13 18:13:38,304 INFO  [log] 200
2020-06-13 18:13:38,305 INFO  [log] {"success":1,"error":[],"data":{"access_token":"7a390bd96956e80c4649e250bb266eaf2f4898a5","expires_in":86400,"token_type":"Bearer"}}
2020-06-13 18:13:38,329 INFO  [log] 7a390bd96956e80c4649e250bb266eaf2f4898a5
2020-06-13 18:13:38,848 INFO  [log] 200
2020-06-13 18:13:38,850 INFO  [log] {"success":1,"error":[],"data":{"user_id":"1","user_group_id":"1","username":"upskills_admin","firstname":"John","lastname":"Doe","email":"probitstechnologies@gmail.com","image":"","ip":"49.37.130.111","status":"1","date_added":"2019-11-11 07:59:33","user_group":"Administrator"}}
2020-06-13 18:13:38,854 INFO  [log] upskills_admin
2020-06-13 18:13:38,860 INFO  [log] upskills_admin
2020-06-13 18:13:39,390 INFO  [log] 200
2020-06-13 18:13:39,390 INFO  [log] {"success":1,"error":[],"data":{"user_id":"1","user_group_id":"1","username":"upskills_admin","firstname":"John","lastname":"Doe","email":"probitstechnologies@gmail.com","image":"","ip":"49.37.130.111","status":"1","date_added":"2019-11-11 07:59:33","user_group":"Administrator"}}
2020-06-13 18:13:39,402 INFO  [log] upskills_admin
2020-06-13 18:13:39,403 INFO  [log] upskills_admin
2020-06-13 18:13:39,950 INFO  [log] 200
2020-06-13 18:13:40,410 INFO  [log] upskills_admin
2020-06-13 18:13:40,411 INFO  [log] Talent4$$
2020-06-13 18:13:40,834 INFO  [log] 200
2020-06-13 18:13:40,837 INFO  [log] {"success":1,"error":[],"data":{"user_id":"1","user_group_id":"1","username":"upskills_admin","firstname":"John","lastname":"Doe","email":"probitstechnologies@gmail.com","image":"","ip":"49.37.130.111","status":"1","date_added":"2019-11-11 07:59:33","user_group":"Administrator"}}
2020-06-13 18:13:40,847 INFO  [log] upskills_admin
2020-06-13 18:13:40,851 INFO  [log] upskills_admin
2020-06-13 18:13:41,303 INFO  [log] 200
2020-06-13 18:13:41,304 INFO  [log] {"success":1,"error":[],"data":{"user_id":"1","user_group_id":"1","username":"upskills_admin","firstname":"John","lastname":"Doe","email":"probitstechnologies@gmail.com","image":"","ip":"49.37.130.111","status":"1","date_added":"2019-11-11 07:59:33","user_group":"Administrator"}}
2020-06-13 18:13:41,323 INFO  [log] upskills_admin
2020-06-13 18:13:41,341 INFO  [log] upskills_admin
2020-06-13 18:13:41,800 INFO  [log] 200
2020-06-13 18:13:41,868 INFO  [log] Status : FINISHED, time taken for testcase is 1202 ms
2020-06-13 18:13:41,940 INFO  [log] number of tets steps executed are : 3
2020-06-13 18:13:42,443 INFO  [log] 200
2020-06-13 18:13:42,446 INFO  [log] {"success":1,"error":[],"data":{"access_token":"73a088a2d6171b577b526fcfa50c67f892890bcc","expires_in":86400,"token_type":"Bearer"}}
2020-06-13 18:13:42,460 INFO  [log] 73a088a2d6171b577b526fcfa50c67f892890bcc
2020-06-13 18:13:46,412 INFO  [log] Quantity update is not performed
2020-06-13 18:13:46,412 INFO  [log] Quantity update is not performed
2020-06-13 18:13:46,414 INFO  [log] Quantity update is not performed
2020-06-13 18:13:46,422 INFO  [log] Quantity update is not performed
2020-06-13 18:13:46,426 INFO  [log] Quantity update is not performed
2020-06-13 18:13:46,433 INFO  [log] Quantity update is not performed
2020-06-13 18:13:46,436 INFO  [log] Quantity update is not performed
2020-06-13 18:13:46,444 INFO  [log] Quantity update is not performed
2020-06-13 18:13:46,449 INFO  [log] Quantity update is not performed
2020-06-13 18:13:46,456 INFO  [log] Quantity update is not performed
2020-06-13 18:13:46,462 INFO  [log] Quantity update is not performed
2020-06-13 18:13:46,469 INFO  [log] Quantity update is not performed
2020-06-13 18:13:46,472 INFO  [log] Quantity update is not performed
2020-06-13 18:13:46,482 INFO  [log] Quantity update is not performed
2020-06-13 18:13:46,486 INFO  [log] Quantity update is not performed
2020-06-13 18:13:46,495 INFO  [log] Quantity update is not performed
2020-06-13 18:13:46,497 INFO  [log] Quantity update is not performed
2020-06-13 18:13:46,506 INFO  [log] Quantity update is not performed
2020-06-13 18:13:46,510 INFO  [log] Quantity update is not performed
2020-06-13 18:13:46,517 INFO  [log] Quantity update is not performed
2020-06-13 18:13:46,520 INFO  [log] Quantity update is not performed
2020-06-13 18:13:46,524 INFO  [log] Quantity update is not performed
2020-06-13 18:13:46,532 INFO  [log] Quantity update is not performed
2020-06-13 18:13:46,533 INFO  [log] Quantity update is not performed
2020-06-13 18:13:46,537 INFO  [log] Quantity update is not performed
2020-06-13 18:13:46,547 INFO  [log] Quantity update is not performed
2020-06-13 18:13:46,551 INFO  [log] Quantity update is not performed
2020-06-13 18:13:46,559 INFO  [log] Quantity update is not performed
2020-06-13 18:13:46,570 INFO  [log] Quantity update is not performed
2020-06-13 18:13:46,573 INFO  [log] Quantity update is not performed
2020-06-13 18:13:46,582 INFO  [log] Quantity update is not performed
2020-06-13 18:13:46,587 INFO  [log] Quantity update is not performed
2020-06-13 18:13:46,594 INFO  [log] Quantity update is not performed
2020-06-13 18:13:46,597 INFO  [log] Quantity update is not performed
2020-06-13 18:13:46,605 INFO  [log] Quantity update is not performed
2020-06-13 18:13:46,609 INFO  [log] Quantity update is not performed
2020-06-13 18:13:46,611 INFO  [log] Quantity update is not performed
2020-06-13 18:13:46,617 INFO  [log] Quantity update is not performed
2020-06-13 18:13:46,622 INFO  [log] Quantity update is not performed
2020-06-13 18:13:46,631 INFO  [log] Quantity update is not performed
2020-06-13 18:13:46,634 INFO  [log] Quantity update is not performed
2020-06-13 18:13:46,635 INFO  [log] Quantity update is not performed
2020-06-13 18:13:46,643 INFO  [log] Quantity update is not performed
2020-06-13 18:13:46,648 INFO  [log] Quantity update is not performed
2020-06-13 18:13:46,650 INFO  [log] Quantity update is not performed
2020-06-13 18:13:46,658 INFO  [log] Quantity update is not performed
2020-06-13 18:13:46,662 INFO  [log] Quantity update is not performed
2020-06-13 18:13:46,671 INFO  [log] Quantity update is not performed
2020-06-13 18:13:46,675 INFO  [log] Quantity update is not performed
2020-06-13 18:13:46,682 INFO  [log] Quantity update is not performed
2020-06-13 18:13:46,685 INFO  [log] Quantity update is not performed
2020-06-13 18:13:46,695 INFO  [log] Quantity update is not performed
2020-06-13 18:13:46,699 INFO  [log] Quantity update is not performed
2020-06-13 18:13:46,707 INFO  [log] Quantity update is not performed
2020-06-13 18:13:46,712 INFO  [log] Quantity update is not performed
2020-06-13 18:13:46,713 INFO  [log] Quantity update is not performed
2020-06-13 18:13:46,721 INFO  [log] Quantity update is not performed
2020-06-13 18:13:46,725 INFO  [log] Quantity update is not performed
2020-06-13 18:13:46,735 INFO  [log] Quantity update is not performed
2020-06-13 18:13:46,738 INFO  [log] Quantity update is not performed
2020-06-13 18:13:46,745 INFO  [log] Quantity update is not performed
2020-06-13 18:13:46,758 INFO  [log] Quantity update is not performed
2020-06-13 18:13:46,761 INFO  [log] Quantity update is not performed
2020-06-13 18:13:46,768 INFO  [log] Quantity update is not performed
2020-06-13 18:13:46,774 INFO  [log] Quantity update is not performed
2020-06-13 18:13:46,776 INFO  [log] Quantity update is not performed
2020-06-13 18:13:46,783 INFO  [log] Quantity update is not performed
2020-06-13 18:13:46,787 INFO  [log] Quantity update is not performed
2020-06-13 18:13:46,788 INFO  [log] Quantity update is not performed
2020-06-13 18:13:46,798 INFO  [log] Quantity update is not performed
2020-06-13 18:13:46,803 INFO  [log] Quantity update is not performed
2020-06-13 18:13:46,811 INFO  [log] Quantity update is not performed
2020-06-13 18:13:46,816 INFO  [log] Quantity update is not performed
2020-06-13 18:13:46,817 INFO  [log] Quantity update is not performed
2020-06-13 18:13:46,823 INFO  [log] Quantity update is not performed
2020-06-13 18:13:46,828 INFO  [log] Quantity update is not performed
2020-06-13 18:13:46,837 INFO  [log] Quantity update is not performed
2020-06-13 18:13:46,841 INFO  [log] Quantity update is not performed
2020-06-13 18:13:46,849 INFO  [log] Quantity update is not performed
2020-06-13 18:13:46,852 INFO  [log] Quantity update is not performed
2020-06-13 18:13:46,860 INFO  [log] Quantity update is not performed
2020-06-13 18:13:46,865 INFO  [log] Quantity update is not performed
2020-06-13 18:13:46,865 INFO  [log] Quantity update is not performed
2020-06-13 18:13:46,873 INFO  [log] Quantity update is not performed
2020-06-13 18:13:46,877 INFO  [log] Quantity update is not performed
2020-06-13 18:13:46,879 INFO  [log] Quantity update is not performed
2020-06-13 18:13:46,885 INFO  [log] Quantity update is not performed
2020-06-13 18:13:46,887 INFO  [log] Quantity update is not performed
2020-06-13 18:13:46,896 INFO  [log] Quantity update is not performed
2020-06-13 18:13:46,899 INFO  [log] Quantity update is not performed
2020-06-13 18:13:46,900 INFO  [log] Quantity update is not performed
2020-06-13 18:13:46,907 INFO  [log] Quantity update is not performed
2020-06-13 18:13:46,908 INFO  [log] Quantity update is not performed
2020-06-13 18:13:46,913 INFO  [log] Quantity update is not performed
2020-06-13 18:13:46,923 INFO  [log] Quantity update is not performed
2020-06-13 18:13:46,927 INFO  [log] Quantity update is not performed
2020-06-13 18:13:46,934 INFO  [log] Quantity update is not performed
2020-06-13 18:13:46,945 INFO  [log] Quantity update is not performed
2020-06-13 18:13:46,946 INFO  [log] Quantity update is not performed
2020-06-13 18:13:46,951 INFO  [log] Quantity update is not performed
2020-06-13 18:13:47,408 INFO  [log] 200
2020-06-13 18:13:47,409 INFO  [log] {"success":1,"error":[],"data":[]}
2020-06-13 18:13:47,411 INFO  [log] 1
2020-06-13 18:13:47,923 INFO  [log] 200
2020-06-13 18:13:47,925 INFO  [log] {"success":1,"error":[],"data":[]}
2020-06-13 18:13:47,932 INFO  [log] 1
2020-06-13 18:13:48,383 INFO  [log] 200
2020-06-13 18:13:48,383 INFO  [log] {"success":1,"error":[],"data":{"access_token":"db25a1f24da2bfe768dda1e36b43a0f4ef004900","expires_in":86400,"token_type":"Bearer"}}
2020-06-13 18:13:48,383 INFO  [log] db25a1f24da2bfe768dda1e36b43a0f4ef004900
2020-06-13 18:13:49,257 INFO  [log] 737
2020-06-13 18:13:51,029 INFO  [log] 200
2020-06-13 18:13:51,029 INFO  [log] {"success":1,"error":[],"data":{"access_token":"6cbf5eab9e535d363e915049b28523ba2993eb3c","expires_in":86400,"token_type":"Bearer"}}
2020-06-13 18:13:51,032 INFO  [log] 6cbf5eab9e535d363e915049b28523ba2993eb3c
2020-06-13 18:13:51,809 INFO  [log]  Total number of rows 3
2020-06-13 18:13:51,810 INFO  [log]  Total number of columns 2
2020-06-13 18:13:51,819 INFO  [log] Lsofa1
2020-06-13 18:13:51,820 INFO  [log] 8
2020-06-13 18:13:52,250 INFO  [log] 200
2020-06-13 18:13:52,251 INFO  [log] {"success":1,"error":[],"data":{"access_token":"f3cac954ba9856ccd42a79d2841a910d0be5d9e9","expires_in":86400,"token_type":"Bearer"}}
2020-06-13 18:13:52,257 INFO  [log] f3cac954ba9856ccd42a79d2841a910d0be5d9e9
2020-06-13 18:13:53,104 INFO  [log] 738
2020-06-13 18:13:54,439 INFO  [log] Status : FINISHED, time taken for testcase is 1635 ms
2020-06-13 18:13:54,441 INFO  [log] number of tets steps executed are : 5
2020-06-13 18:13:54,469 INFO  [log] Msofa2
2020-06-13 18:13:54,470 INFO  [log] 21
2020-06-13 18:13:54,896 INFO  [log] 200
2020-06-13 18:13:54,898 INFO  [log] {"success":1,"error":[],"data":{"access_token":"1865ae989c50dacf6a9d2b198005ebafb4246dc5","expires_in":86400,"token_type":"Bearer"}}
2020-06-13 18:13:54,903 INFO  [log] 1865ae989c50dacf6a9d2b198005ebafb4246dc5
2020-06-13 18:13:55,746 INFO  [log] 739
2020-06-13 18:13:57,050 INFO  [log] Status : FINISHED, time taken for testcase is 1604 ms
2020-06-13 18:13:57,060 INFO  [log] number of tets steps executed are : 5
2020-06-13 18:13:57,070 INFO  [log] 10
2020-06-13 18:13:57,552 INFO  [log] 200
2020-06-13 18:13:57,553 INFO  [log] {"success":1,"error":[],"data":[]}
2020-06-13 18:13:57,556 INFO  [log] 1
2020-06-13 18:13:58,094 INFO  [log] 200
2020-06-13 18:13:58,095 INFO  [log] {"success":1,"error":[],"data":{"access_token":"8327c550176c23834c66f5b05d8971243e2ab465","expires_in":86400,"token_type":"Bearer"}}
2020-06-13 18:13:58,098 INFO  [log] 8327c550176c23834c66f5b05d8971243e2ab465
2020-06-13 18:13:59,231 INFO  [log] 508
2020-06-13 18:13:59,790 INFO  [log] {"success":1,"error":[],"data":{"id":740}}
2020-06-13 18:13:59,790 INFO  [log] 1
2020-06-13 18:13:59,812 INFO  [log] 740
2020-06-13 18:14:01,235 INFO  [log] 200
2020-06-13 18:14:01,237 INFO  [log] {"success":1,"error":[],"data":{"access_token":"164140b7aa6054ed9e6720962aaf7e0a60b25dd3","expires_in":86400,"token_type":"Bearer"}}
2020-06-13 18:14:01,239 INFO  [log] 164140b7aa6054ed9e6720962aaf7e0a60b25dd3
2020-06-13 18:14:02,379 INFO  [log] 200
2020-06-13 18:14:02,380 INFO  [log] {"success":1,"error":[],"data":{"access_token":"8cea58f57106815a4b58f78b4fc4e16abf620892","expires_in":86400,"token_type":"Bearer"}}
2020-06-13 18:14:02,384 INFO  [log] 8cea58f57106815a4b58f78b4fc4e16abf620892
2020-06-13 18:14:03,213 INFO  [log] 509
2020-06-13 18:14:03,610 INFO  [log] {"success":1,"error":[],"data":{"id":741}}
2020-06-13 18:14:03,611 INFO  [log] 1
2020-06-13 18:14:03,616 INFO  [log] 741
2020-06-13 18:14:05,026 INFO  [log] 200
2020-06-13 18:14:05,026 INFO  [log] {"success":1,"error":[],"data":{"access_token":"9b488aeef41d57f9a8bfd37d6d30e616349a9d62","expires_in":86400,"token_type":"Bearer"}}
2020-06-13 18:14:05,027 INFO  [log] 9b488aeef41d57f9a8bfd37d6d30e616349a9d62
2020-06-13 18:14:05,881 INFO  [log] 510
2020-06-13 18:14:06,310 INFO  [log] {"success":1,"error":[],"data":{"id":742}}
2020-06-13 18:14:06,313 INFO  [log] 1
2020-06-13 18:14:06,320 INFO  [log] 742
2020-06-13 18:14:07,696 INFO  [log] 200
2020-06-13 18:14:07,696 INFO  [log] {"success":1,"error":[],"data":[]}
2020-06-13 18:14:07,697 INFO  [log] 1
2020-06-13 18:17:20,063 INFO  [log] 200
2020-06-13 18:17:20,064 INFO  [log] {"success":1,"error":[],"data":{"access_token":"57ddc7770631309f3e30f3a224447e2357d62150","expires_in":86400,"token_type":"Bearer"}}
2020-06-13 18:17:20,084 INFO  [log] 57ddc7770631309f3e30f3a224447e2357d62150
2020-06-13 18:17:20,815 INFO  [log] 200
2020-06-13 18:17:20,817 INFO  [log] {"success":1,"error":[],"data":[]}
2020-06-13 18:17:20,818 INFO  [log] 1
2020-06-13 18:17:21,183 INFO  [log] 200
2020-06-13 18:17:21,184 INFO  [log] {"success":1,"error":[],"data":{"access_token":"8cd44453dde529fa8c2e25d53537024fdaef95fc","expires_in":86400,"token_type":"Bearer"}}
2020-06-13 18:17:21,191 INFO  [log] 8cd44453dde529fa8c2e25d53537024fdaef95fc
2020-06-13 18:17:21,566 INFO  [log] 200
2020-06-13 18:17:21,566 INFO  [log] {"success":1,"error":[],"data":{"user_id":"1","user_group_id":"1","username":"upskills_admin","firstname":"John","lastname":"Doe","email":"probitstechnologies@gmail.com","image":"","ip":"49.37.130.111","status":"1","date_added":"2019-11-11 07:59:33","user_group":"Administrator"}}
2020-06-13 18:17:21,574 INFO  [log] upskills_admin
2020-06-13 18:17:21,575 INFO  [log] upskills_admin
2020-06-13 18:17:21,994 INFO  [log] 200
2020-06-13 18:17:21,995 INFO  [log] {"success":1,"error":[],"data":{"user_id":"1","user_group_id":"1","username":"upskills_admin","firstname":"John","lastname":"Doe","email":"probitstechnologies@gmail.com","image":"","ip":"49.37.130.111","status":"1","date_added":"2019-11-11 07:59:33","user_group":"Administrator"}}
2020-06-13 18:17:22,004 INFO  [log] upskills_admin
2020-06-13 18:17:22,005 INFO  [log] upskills_admin
2020-06-13 18:17:22,343 INFO  [log] 200
2020-06-13 18:17:22,616 INFO  [log] upskills_admin
2020-06-13 18:17:22,617 INFO  [log] Talent4$$
2020-06-13 18:17:22,963 INFO  [log] 200
2020-06-13 18:17:22,964 INFO  [log] {"success":1,"error":[],"data":{"user_id":"1","user_group_id":"1","username":"upskills_admin","firstname":"John","lastname":"Doe","email":"probitstechnologies@gmail.com","image":"","ip":"49.37.130.111","status":"1","date_added":"2019-11-11 07:59:33","user_group":"Administrator"}}
2020-06-13 18:17:22,973 INFO  [log] upskills_admin
2020-06-13 18:17:22,978 INFO  [log] upskills_admin
2020-06-13 18:17:23,326 INFO  [log] 200
2020-06-13 18:17:23,326 INFO  [log] {"success":1,"error":[],"data":{"user_id":"1","user_group_id":"1","username":"upskills_admin","firstname":"John","lastname":"Doe","email":"probitstechnologies@gmail.com","image":"","ip":"49.37.130.111","status":"1","date_added":"2019-11-11 07:59:33","user_group":"Administrator"}}
2020-06-13 18:17:23,336 INFO  [log] upskills_admin
2020-06-13 18:17:23,340 INFO  [log] upskills_admin
2020-06-13 18:17:23,691 INFO  [log] 200
2020-06-13 18:17:23,748 INFO  [log] Status : FINISHED, time taken for testcase is 984 ms
2020-06-13 18:17:23,761 INFO  [log] number of tets steps executed are : 3
2020-06-13 18:17:24,130 INFO  [log] 200
2020-06-13 18:17:24,131 INFO  [log] {"success":1,"error":[],"data":{"access_token":"b9a4886ed17188099140981ef8509d04a95423e0","expires_in":86400,"token_type":"Bearer"}}
2020-06-13 18:17:24,141 INFO  [log] b9a4886ed17188099140981ef8509d04a95423e0
2020-06-13 18:17:28,833 INFO  [log] Quantity update is not performed
2020-06-13 18:17:28,833 INFO  [log] Quantity update is not performed
2020-06-13 18:17:28,835 INFO  [log] Quantity update is not performed
2020-06-13 18:17:28,839 INFO  [log] Quantity update is not performed
2020-06-13 18:17:28,839 INFO  [log] Quantity update is not performed
2020-06-13 18:17:28,840 INFO  [log] Quantity update is not performed
2020-06-13 18:17:28,841 INFO  [log] Quantity update is not performed
2020-06-13 18:17:28,841 INFO  [log] Quantity update is not performed
2020-06-13 18:17:28,842 INFO  [log] Quantity update is not performed
2020-06-13 18:17:28,842 INFO  [log] Quantity update is not performed
2020-06-13 18:17:28,843 INFO  [log] Quantity update is not performed
2020-06-13 18:17:28,846 INFO  [log] Quantity update is not performed
2020-06-13 18:17:28,846 INFO  [log] Quantity update is not performed
2020-06-13 18:17:28,849 INFO  [log] Quantity update is not performed
2020-06-13 18:17:28,851 INFO  [log] Quantity update is not performed
2020-06-13 18:17:28,852 INFO  [log] Quantity update is not performed
2020-06-13 18:17:28,853 INFO  [log] Quantity update is not performed
2020-06-13 18:17:28,853 INFO  [log] Quantity update is not performed
2020-06-13 18:17:28,854 INFO  [log] Quantity update is not performed
2020-06-13 18:17:28,857 INFO  [log] Quantity update is not performed
2020-06-13 18:17:28,860 INFO  [log] Quantity update is not performed
2020-06-13 18:17:28,860 INFO  [log] Quantity update is not performed
2020-06-13 18:17:28,860 INFO  [log] Quantity update is not performed
2020-06-13 18:17:28,861 INFO  [log] Quantity update is not performed
2020-06-13 18:17:28,862 INFO  [log] Quantity update is not performed
2020-06-13 18:17:28,863 INFO  [log] Quantity update is not performed
2020-06-13 18:17:28,864 INFO  [log] Quantity update is not performed
2020-06-13 18:17:28,864 INFO  [log] Quantity update is not performed
2020-06-13 18:17:28,865 INFO  [log] Quantity update is not performed
2020-06-13 18:17:28,867 INFO  [log] Quantity update is not performed
2020-06-13 18:17:28,868 INFO  [log] Quantity update is not performed
2020-06-13 18:17:28,871 INFO  [log] Quantity update is not performed
2020-06-13 18:17:28,872 INFO  [log] Quantity update is not performed
2020-06-13 18:17:28,872 INFO  [log] Quantity update is not performed
2020-06-13 18:17:28,873 INFO  [log] Quantity update is not performed
2020-06-13 18:17:28,874 INFO  [log] Quantity update is not performed
2020-06-13 18:17:28,875 INFO  [log] Quantity update is not performed
2020-06-13 18:17:28,876 INFO  [log] Quantity update is not performed
2020-06-13 18:17:28,879 INFO  [log] Quantity update is not performed
2020-06-13 18:17:28,881 INFO  [log] Quantity update is not performed
2020-06-13 18:17:28,883 INFO  [log] Quantity update is not performed
2020-06-13 18:17:28,885 INFO  [log] Quantity update is not performed
2020-06-13 18:17:28,886 INFO  [log] Quantity update is not performed
2020-06-13 18:17:28,887 INFO  [log] Quantity update is not performed
2020-06-13 18:17:28,888 INFO  [log] Quantity update is not performed
2020-06-13 18:17:28,893 INFO  [log] Quantity update is not performed
2020-06-13 18:17:28,894 INFO  [log] Quantity update is not performed
2020-06-13 18:17:28,895 INFO  [log] Quantity update is not performed
2020-06-13 18:17:28,895 INFO  [log] Quantity update is not performed
2020-06-13 18:17:28,897 INFO  [log] Quantity update is not performed
2020-06-13 18:17:28,898 INFO  [log] Quantity update is not performed
2020-06-13 18:17:28,898 INFO  [log] Quantity update is not performed
2020-06-13 18:17:28,901 INFO  [log] Quantity update is not performed
2020-06-13 18:17:28,902 INFO  [log] Quantity update is not performed
2020-06-13 18:17:28,904 INFO  [log] Quantity update is not performed
2020-06-13 18:17:28,905 INFO  [log] Quantity update is not performed
2020-06-13 18:17:28,905 INFO  [log] Quantity update is not performed
2020-06-13 18:17:28,906 INFO  [log] Quantity update is not performed
2020-06-13 18:17:28,907 INFO  [log] Quantity update is not performed
2020-06-13 18:17:28,908 INFO  [log] Quantity update is not performed
2020-06-13 18:17:28,908 INFO  [log] Quantity update is not performed
2020-06-13 18:17:28,909 INFO  [log] Quantity update is not performed
2020-06-13 18:17:28,910 INFO  [log] Quantity update is not performed
2020-06-13 18:17:28,915 INFO  [log] Quantity update is not performed
2020-06-13 18:17:28,916 INFO  [log] Quantity update is not performed
2020-06-13 18:17:28,917 INFO  [log] Quantity update is not performed
2020-06-13 18:17:28,918 INFO  [log] Quantity update is not performed
2020-06-13 18:17:28,919 INFO  [log] Quantity update is not performed
2020-06-13 18:17:28,919 INFO  [log] Quantity update is not performed
2020-06-13 18:17:28,920 INFO  [log] Quantity update is not performed
2020-06-13 18:17:28,921 INFO  [log] Quantity update is not performed
2020-06-13 18:17:28,921 INFO  [log] Quantity update is not performed
2020-06-13 18:17:28,922 INFO  [log] Quantity update is not performed
2020-06-13 18:17:28,923 INFO  [log] Quantity update is not performed
2020-06-13 18:17:28,926 INFO  [log] Quantity update is not performed
2020-06-13 18:17:28,929 INFO  [log] Quantity update is not performed
2020-06-13 18:17:28,929 INFO  [log] Quantity update is not performed
2020-06-13 18:17:28,930 INFO  [log] Quantity update is not performed
2020-06-13 18:17:28,931 INFO  [log] Quantity update is not performed
2020-06-13 18:17:28,933 INFO  [log] Quantity update is not performed
2020-06-13 18:17:28,934 INFO  [log] Quantity update is not performed
2020-06-13 18:17:28,937 INFO  [log] Quantity update is not performed
2020-06-13 18:17:28,937 INFO  [log] Quantity update is not performed
2020-06-13 18:17:28,940 INFO  [log] Quantity update is not performed
2020-06-13 18:17:28,941 INFO  [log] Quantity update is not performed
2020-06-13 18:17:28,942 INFO  [log] Quantity update is not performed
2020-06-13 18:17:28,942 INFO  [log] Quantity update is not performed
2020-06-13 18:17:28,943 INFO  [log] Quantity update is not performed
2020-06-13 18:17:28,944 INFO  [log] Quantity update is not performed
2020-06-13 18:17:28,948 INFO  [log] Quantity update is not performed
2020-06-13 18:17:28,950 INFO  [log] Quantity update is not performed
2020-06-13 18:17:28,950 INFO  [log] Quantity update is not performed
2020-06-13 18:17:28,951 INFO  [log] Quantity update is not performed
2020-06-13 18:17:28,951 INFO  [log] Quantity update is not performed
2020-06-13 18:17:28,952 INFO  [log] Quantity update is not performed
2020-06-13 18:17:28,954 INFO  [log] Quantity update is not performed
2020-06-13 18:17:28,955 INFO  [log] Quantity update is not performed
2020-06-13 18:17:28,959 INFO  [log] Quantity update is not performed
2020-06-13 18:17:28,959 INFO  [log] Quantity update is not performed
2020-06-13 18:17:28,965 INFO  [log] 750
2020-06-13 18:17:28,966 INFO  [log] 1001
2020-06-13 18:17:29,379 INFO  [log] 200
2020-06-13 18:17:29,380 INFO  [log] {"success":1,"error":[],"data":[]}
2020-06-13 18:17:29,381 INFO  [log] 1
2020-06-13 18:17:29,385 INFO  [log] Update Successfully
2020-06-13 18:17:32,190 INFO  [log] updated value is validated with response
2020-06-13 18:17:32,512 INFO  [log] 200
2020-06-13 18:17:32,512 INFO  [log] {"success":1,"error":[],"data":[]}
2020-06-13 18:17:32,513 INFO  [log] 1
2020-06-13 18:17:32,852 INFO  [log] 200
2020-06-13 18:17:32,853 INFO  [log] {"success":1,"error":[],"data":[]}
2020-06-13 18:17:32,855 INFO  [log] 1
2020-06-13 18:17:33,209 INFO  [log] 200
2020-06-13 18:17:33,210 INFO  [log] {"success":1,"error":[],"data":{"access_token":"b80227c0287fb823f9bfc3c36356b858516a9557","expires_in":86400,"token_type":"Bearer"}}
2020-06-13 18:17:33,222 INFO  [log] b80227c0287fb823f9bfc3c36356b858516a9557
2020-06-13 18:17:33,971 INFO  [log] 751
2020-06-13 18:17:35,378 INFO  [log] 200
2020-06-13 18:17:35,380 INFO  [log] {"success":1,"error":[],"data":{"access_token":"3e7eb0599fea46f77bbcbdd1e74600c467df0ee1","expires_in":86400,"token_type":"Bearer"}}
2020-06-13 18:17:35,391 INFO  [log] 3e7eb0599fea46f77bbcbdd1e74600c467df0ee1
2020-06-13 18:17:36,017 INFO  [log]  Total number of rows 3
2020-06-13 18:17:36,017 INFO  [log]  Total number of columns 2
2020-06-13 18:17:36,023 INFO  [log] Lsofa1
2020-06-13 18:17:36,023 INFO  [log] 8
2020-06-13 18:17:36,350 INFO  [log] 200
2020-06-13 18:17:36,351 INFO  [log] {"success":1,"error":[],"data":{"access_token":"e4098ee009020f558bc2b2680f6527eef866b480","expires_in":86400,"token_type":"Bearer"}}
2020-06-13 18:17:36,357 INFO  [log] e4098ee009020f558bc2b2680f6527eef866b480
2020-06-13 18:17:37,046 INFO  [log] 752
2020-06-13 18:17:38,157 INFO  [log] Status : FINISHED, time taken for testcase is 1335 ms
2020-06-13 18:17:38,167 INFO  [log] number of tets steps executed are : 5
2020-06-13 18:17:38,173 INFO  [log] Msofa2
2020-06-13 18:17:38,174 INFO  [log] 21
2020-06-13 18:17:38,543 INFO  [log] 200
2020-06-13 18:17:38,544 INFO  [log] {"success":1,"error":[],"data":{"access_token":"8f1d5ecdbe061aa0e2115873b34b1febdd9e698d","expires_in":86400,"token_type":"Bearer"}}
2020-06-13 18:17:38,552 INFO  [log] 8f1d5ecdbe061aa0e2115873b34b1febdd9e698d
2020-06-13 18:17:39,300 INFO  [log] 753
2020-06-13 18:17:40,491 INFO  [log] Status : FINISHED, time taken for testcase is 1435 ms
2020-06-13 18:17:40,499 INFO  [log] number of tets steps executed are : 5
2020-06-13 18:17:40,503 INFO  [log] 10
2020-06-13 18:17:40,917 INFO  [log] 200
2020-06-13 18:17:40,920 INFO  [log] {"success":1,"error":[],"data":[]}
2020-06-13 18:17:40,925 INFO  [log] 1
2020-06-13 18:17:41,370 INFO  [log] 200
2020-06-13 18:17:41,372 INFO  [log] {"success":1,"error":[],"data":{"access_token":"25e1b3ce178227c550949413a00e880d304e18d1","expires_in":86400,"token_type":"Bearer"}}
2020-06-13 18:17:41,382 INFO  [log] 25e1b3ce178227c550949413a00e880d304e18d1
2020-06-13 18:17:42,222 INFO  [log] 514
2020-06-13 18:17:42,615 INFO  [log] {"success":1,"error":[],"data":{"id":754}}
2020-06-13 18:17:42,615 INFO  [log] 1
2020-06-13 18:17:42,648 INFO  [log] 754
2020-06-13 18:17:43,852 INFO  [log] 200
2020-06-13 18:17:43,854 INFO  [log] {"success":1,"error":[],"data":{"access_token":"c33216c7e67160b24f060a1530a943884fad8386","expires_in":86400,"token_type":"Bearer"}}
2020-06-13 18:17:43,861 INFO  [log] c33216c7e67160b24f060a1530a943884fad8386
2020-06-13 18:17:44,843 INFO  [log] 200
2020-06-13 18:17:44,845 INFO  [log] {"success":1,"error":[],"data":{"access_token":"55914b36cc4b58f8376a29e209dee9df89f88b30","expires_in":86400,"token_type":"Bearer"}}
2020-06-13 18:17:44,852 INFO  [log] 55914b36cc4b58f8376a29e209dee9df89f88b30
2020-06-13 18:17:45,543 INFO  [log] 515
2020-06-13 18:17:45,910 INFO  [log] {"success":1,"error":[],"data":{"id":755}}
2020-06-13 18:17:45,911 INFO  [log] 1
2020-06-13 18:17:45,921 INFO  [log] 755
2020-06-13 18:17:47,008 INFO  [log] 200
2020-06-13 18:17:47,013 INFO  [log] {"success":1,"error":[],"data":{"access_token":"dd2a9318d930b4f8cdcd643f53fc223471c814f1","expires_in":86400,"token_type":"Bearer"}}
2020-06-13 18:17:47,021 INFO  [log] dd2a9318d930b4f8cdcd643f53fc223471c814f1
2020-06-13 18:17:47,743 INFO  [log] 516
2020-06-13 18:17:48,075 INFO  [log] {"success":1,"error":[],"data":{"id":756}}
2020-06-13 18:17:48,076 INFO  [log] 1
2020-06-13 18:17:48,079 INFO  [log] 756
2020-06-13 18:17:49,225 INFO  [log] 200
2020-06-13 18:17:49,226 INFO  [log] {"success":1,"error":[],"data":[]}
2020-06-13 18:17:49,228 INFO  [log] 1
