2020-06-13 18:17:11,190 WARN  [SoapUI] Missing folder [C:\Users\SukanyaMankala\Desktop\Project\REST_PROJECT\ext] for external libraries
2020-06-13 18:17:11,394 INFO  [DefaultSoapUICore] initialized soapui-settings from [C:\Users\SukanyaMankala\soapui-settings.xml]
2020-06-13 18:17:13,496 INFO  [PluginManager] Adding plugin from [C:\Users\SukanyaMankala\.soapuios\plugins\ready-mqtt-plugin-dist.jar]
2020-06-13 18:17:13,497 INFO  [PluginManager] Adding plugin from [C:\Users\SukanyaMankala\.soapuios\plugins\soapui-swagger-plugin-2.2-dist.jar]
2020-06-13 18:17:14,715 ERROR [SoapUI] An error occurred [com.eviware.soapui.plugins.auto.factories.AutoDiscoveryMethodFactory], see error log for details
2020-06-13 18:17:14,718 ERROR [errorlog] java.lang.ClassNotFoundException: com.eviware.soapui.plugins.auto.factories.AutoDiscoveryMethodFactory
java.lang.ClassNotFoundException: com.eviware.soapui.plugins.auto.factories.AutoDiscoveryMethodFactory
	at org.codehaus.plexus.classworlds.strategy.SelfFirstStrategy.loadClass(SelfFirstStrategy.java:50)
	at org.codehaus.plexus.classworlds.realm.ClassRealm.unsynchronizedLoadClass(ClassRealm.java:271)
	at org.codehaus.plexus.classworlds.realm.ClassRealm.loadClass(ClassRealm.java:247)
	at org.codehaus.plexus.classworlds.realm.ClassRealm.loadClass(ClassRealm.java:239)
	at java.lang.Class.forName0(Native Method)
	at java.lang.Class.forName(Class.java:264)
	at com.eviware.soapui.plugins.LoaderBase.loadAutoFactories(LoaderBase.java:113)
	at com.eviware.soapui.plugins.LoaderBase.loadFactories(LoaderBase.java:80)
	at com.eviware.soapui.plugins.PluginLoader.loadPluginFactories(PluginLoader.java:141)
	at com.eviware.soapui.plugins.PluginLoader.loadPlugin(PluginLoader.java:104)
	at com.eviware.soapui.plugins.PluginLoader.loadPlugin(PluginLoader.java:54)
	at com.eviware.soapui.plugins.PluginManager.doInstallPlugin(PluginManager.java:141)
	at com.eviware.soapui.plugins.PluginManager.access$600(PluginManager.java:43)
	at com.eviware.soapui.plugins.PluginManager$LoadPluginsTask.computeSequentially(PluginManager.java:420)
	at com.eviware.soapui.plugins.PluginManager$LoadPluginsTask.compute(PluginManager.java:377)
	at com.eviware.soapui.plugins.PluginManager$LoadPluginsTask.compute(PluginManager.java:382)
	at com.eviware.soapui.plugins.PluginManager$LoadPluginsTask.compute(PluginManager.java:365)
	at java.util.concurrent.RecursiveTask.exec(RecursiveTask.java:94)
	at java.util.concurrent.ForkJoinTask.doExec(ForkJoinTask.java:289)
	at java.util.concurrent.ForkJoinPool$WorkQueue.runTask(ForkJoinPool.java:1056)
	at java.util.concurrent.ForkJoinPool.runWorker(ForkJoinPool.java:1692)
	at java.util.concurrent.ForkJoinWorkerThread.run(ForkJoinWorkerThread.java:157)
2020-06-13 18:17:14,835 ERROR [SoapUI] An error occurred [com.eviware.soapui.plugins.auto.factories.AutoImportMethodFactory], see error log for details
2020-06-13 18:17:14,842 ERROR [errorlog] java.lang.ClassNotFoundException: com.eviware.soapui.plugins.auto.factories.AutoImportMethodFactory
java.lang.ClassNotFoundException: com.eviware.soapui.plugins.auto.factories.AutoImportMethodFactory
	at org.codehaus.plexus.classworlds.strategy.SelfFirstStrategy.loadClass(SelfFirstStrategy.java:50)
	at org.codehaus.plexus.classworlds.realm.ClassRealm.unsynchronizedLoadClass(ClassRealm.java:271)
	at org.codehaus.plexus.classworlds.realm.ClassRealm.loadClass(ClassRealm.java:247)
	at org.codehaus.plexus.classworlds.realm.ClassRealm.loadClass(ClassRealm.java:239)
	at java.lang.Class.forName0(Native Method)
	at java.lang.Class.forName(Class.java:264)
	at com.eviware.soapui.plugins.LoaderBase.loadAutoFactories(LoaderBase.java:113)
	at com.eviware.soapui.plugins.LoaderBase.loadFactories(LoaderBase.java:80)
	at com.eviware.soapui.plugins.PluginLoader.loadPluginFactories(PluginLoader.java:141)
	at com.eviware.soapui.plugins.PluginLoader.loadPlugin(PluginLoader.java:104)
	at com.eviware.soapui.plugins.PluginLoader.loadPlugin(PluginLoader.java:54)
	at com.eviware.soapui.plugins.PluginManager.doInstallPlugin(PluginManager.java:141)
	at com.eviware.soapui.plugins.PluginManager.access$600(PluginManager.java:43)
	at com.eviware.soapui.plugins.PluginManager$LoadPluginsTask.computeSequentially(PluginManager.java:420)
	at com.eviware.soapui.plugins.PluginManager$LoadPluginsTask.compute(PluginManager.java:377)
	at com.eviware.soapui.plugins.PluginManager$LoadPluginsTask.compute(PluginManager.java:382)
	at com.eviware.soapui.plugins.PluginManager$LoadPluginsTask.compute(PluginManager.java:365)
	at java.util.concurrent.RecursiveTask.exec(RecursiveTask.java:94)
	at java.util.concurrent.ForkJoinTask.doExec(ForkJoinTask.java:289)
	at java.util.concurrent.ForkJoinPool$WorkQueue.runTask(ForkJoinPool.java:1056)
	at java.util.concurrent.ForkJoinPool.runWorker(ForkJoinPool.java:1692)
	at java.util.concurrent.ForkJoinWorkerThread.run(ForkJoinWorkerThread.java:157)
2020-06-13 18:17:14,965 INFO  [PluginManager] Adding plugin from [C:\Users\SukanyaMankala\.soapuios\plugins\ready-uxm-plugin-1.0.1-dist.jar]
2020-06-13 18:17:14,991 ERROR [SoapUI] An error occurred [com.eviware.soapui.plugins.auto.factories.AutoDiscoveryMethodFactory], see error log for details
2020-06-13 18:17:14,994 ERROR [errorlog] java.lang.ClassNotFoundException: com.eviware.soapui.plugins.auto.factories.AutoDiscoveryMethodFactory
java.lang.ClassNotFoundException: com.eviware.soapui.plugins.auto.factories.AutoDiscoveryMethodFactory
	at org.codehaus.plexus.classworlds.strategy.SelfFirstStrategy.loadClass(SelfFirstStrategy.java:50)
	at org.codehaus.plexus.classworlds.realm.ClassRealm.unsynchronizedLoadClass(ClassRealm.java:271)
	at org.codehaus.plexus.classworlds.realm.ClassRealm.loadClass(ClassRealm.java:247)
	at org.codehaus.plexus.classworlds.realm.ClassRealm.loadClass(ClassRealm.java:239)
	at java.lang.Class.forName0(Native Method)
	at java.lang.Class.forName(Class.java:264)
	at com.eviware.soapui.plugins.LoaderBase.loadAutoFactories(LoaderBase.java:113)
	at com.eviware.soapui.plugins.LoaderBase.loadFactories(LoaderBase.java:80)
	at com.eviware.soapui.plugins.PluginLoader.loadPluginFactories(PluginLoader.java:141)
	at com.eviware.soapui.plugins.PluginLoader.loadPlugin(PluginLoader.java:104)
	at com.eviware.soapui.plugins.PluginLoader.loadPlugin(PluginLoader.java:54)
	at com.eviware.soapui.plugins.PluginManager.doInstallPlugin(PluginManager.java:141)
	at com.eviware.soapui.plugins.PluginManager.access$600(PluginManager.java:43)
	at com.eviware.soapui.plugins.PluginManager$LoadPluginsTask.computeSequentially(PluginManager.java:420)
	at com.eviware.soapui.plugins.PluginManager$LoadPluginsTask.compute(PluginManager.java:377)
	at com.eviware.soapui.plugins.PluginManager$LoadPluginsTask.compute(PluginManager.java:365)
	at java.util.concurrent.RecursiveTask.exec(RecursiveTask.java:94)
	at java.util.concurrent.ForkJoinTask.doExec(ForkJoinTask.java:289)
	at java.util.concurrent.ForkJoinPool$WorkQueue.runTask(ForkJoinPool.java:1056)
	at java.util.concurrent.ForkJoinPool.runWorker(ForkJoinPool.java:1692)
	at java.util.concurrent.ForkJoinWorkerThread.run(ForkJoinWorkerThread.java:157)
2020-06-13 18:17:15,121 ERROR [SoapUI] An error occurred [com.eviware.soapui.plugins.auto.factories.AutoImportMethodFactory], see error log for details
2020-06-13 18:17:15,123 ERROR [errorlog] java.lang.ClassNotFoundException: com.eviware.soapui.plugins.auto.factories.AutoImportMethodFactory
java.lang.ClassNotFoundException: com.eviware.soapui.plugins.auto.factories.AutoImportMethodFactory
	at org.codehaus.plexus.classworlds.strategy.SelfFirstStrategy.loadClass(SelfFirstStrategy.java:50)
	at org.codehaus.plexus.classworlds.realm.ClassRealm.unsynchronizedLoadClass(ClassRealm.java:271)
	at org.codehaus.plexus.classworlds.realm.ClassRealm.loadClass(ClassRealm.java:247)
	at org.codehaus.plexus.classworlds.realm.ClassRealm.loadClass(ClassRealm.java:239)
	at java.lang.Class.forName0(Native Method)
	at java.lang.Class.forName(Class.java:264)
	at com.eviware.soapui.plugins.LoaderBase.loadAutoFactories(LoaderBase.java:113)
	at com.eviware.soapui.plugins.LoaderBase.loadFactories(LoaderBase.java:80)
	at com.eviware.soapui.plugins.PluginLoader.loadPluginFactories(PluginLoader.java:141)
	at com.eviware.soapui.plugins.PluginLoader.loadPlugin(PluginLoader.java:104)
	at com.eviware.soapui.plugins.PluginLoader.loadPlugin(PluginLoader.java:54)
	at com.eviware.soapui.plugins.PluginManager.doInstallPlugin(PluginManager.java:141)
	at com.eviware.soapui.plugins.PluginManager.access$600(PluginManager.java:43)
	at com.eviware.soapui.plugins.PluginManager$LoadPluginsTask.computeSequentially(PluginManager.java:420)
	at com.eviware.soapui.plugins.PluginManager$LoadPluginsTask.compute(PluginManager.java:377)
	at com.eviware.soapui.plugins.PluginManager$LoadPluginsTask.compute(PluginManager.java:365)
	at java.util.concurrent.RecursiveTask.exec(RecursiveTask.java:94)
	at java.util.concurrent.ForkJoinTask.doExec(ForkJoinTask.java:289)
	at java.util.concurrent.ForkJoinPool$WorkQueue.runTask(ForkJoinPool.java:1056)
	at java.util.concurrent.ForkJoinPool.runWorker(ForkJoinPool.java:1692)
	at java.util.concurrent.ForkJoinWorkerThread.run(ForkJoinWorkerThread.java:157)
2020-06-13 18:17:15,249 INFO  [PluginManager] Adding plugin from [C:\Users\SukanyaMankala\.soapuios\plugins\readyapi-postman-1.0.1.jar]
2020-06-13 18:17:16,326 ERROR [SoapUI] An error occurred [com.eviware.soapui.plugins.auto.factories.AutoDiscoveryMethodFactory], see error log for details
2020-06-13 18:17:16,330 ERROR [errorlog] java.lang.ClassNotFoundException: com.eviware.soapui.plugins.auto.factories.AutoDiscoveryMethodFactory
java.lang.ClassNotFoundException: com.eviware.soapui.plugins.auto.factories.AutoDiscoveryMethodFactory
	at org.codehaus.plexus.classworlds.strategy.SelfFirstStrategy.loadClass(SelfFirstStrategy.java:50)
	at org.codehaus.plexus.classworlds.realm.ClassRealm.unsynchronizedLoadClass(ClassRealm.java:271)
	at org.codehaus.plexus.classworlds.realm.ClassRealm.loadClass(ClassRealm.java:247)
	at org.codehaus.plexus.classworlds.realm.ClassRealm.loadClass(ClassRealm.java:239)
	at java.lang.Class.forName0(Native Method)
	at java.lang.Class.forName(Class.java:264)
	at com.eviware.soapui.plugins.LoaderBase.loadAutoFactories(LoaderBase.java:113)
	at com.eviware.soapui.plugins.LoaderBase.loadFactories(LoaderBase.java:80)
	at com.eviware.soapui.plugins.PluginLoader.loadPluginFactories(PluginLoader.java:141)
	at com.eviware.soapui.plugins.PluginLoader.loadPlugin(PluginLoader.java:104)
	at com.eviware.soapui.plugins.PluginLoader.loadPlugin(PluginLoader.java:54)
	at com.eviware.soapui.plugins.PluginManager.doInstallPlugin(PluginManager.java:141)
	at com.eviware.soapui.plugins.PluginManager.access$600(PluginManager.java:43)
	at com.eviware.soapui.plugins.PluginManager$LoadPluginsTask.computeSequentially(PluginManager.java:420)
	at com.eviware.soapui.plugins.PluginManager$LoadPluginsTask.compute(PluginManager.java:377)
	at com.eviware.soapui.plugins.PluginManager$LoadPluginsTask.compute(PluginManager.java:365)
	at java.util.concurrent.RecursiveTask.exec(RecursiveTask.java:94)
	at java.util.concurrent.ForkJoinTask.doExec(ForkJoinTask.java:289)
	at java.util.concurrent.ForkJoinPool$WorkQueue.runTask(ForkJoinPool.java:1056)
	at java.util.concurrent.ForkJoinPool.runWorker(ForkJoinPool.java:1692)
	at java.util.concurrent.ForkJoinWorkerThread.run(ForkJoinWorkerThread.java:157)
2020-06-13 18:17:16,425 ERROR [SoapUI] An error occurred [com.eviware.soapui.plugins.auto.factories.AutoDiscoveryMethodFactory], see error log for details
2020-06-13 18:17:16,429 ERROR [errorlog] java.lang.ClassNotFoundException: com.eviware.soapui.plugins.auto.factories.AutoDiscoveryMethodFactory
java.lang.ClassNotFoundException: com.eviware.soapui.plugins.auto.factories.AutoDiscoveryMethodFactory
	at org.codehaus.plexus.classworlds.strategy.SelfFirstStrategy.loadClass(SelfFirstStrategy.java:50)
	at org.codehaus.plexus.classworlds.realm.ClassRealm.unsynchronizedLoadClass(ClassRealm.java:271)
	at org.codehaus.plexus.classworlds.realm.ClassRealm.loadClass(ClassRealm.java:247)
	at org.codehaus.plexus.classworlds.realm.ClassRealm.loadClass(ClassRealm.java:239)
	at java.lang.Class.forName0(Native Method)
	at java.lang.Class.forName(Class.java:264)
	at com.eviware.soapui.plugins.LoaderBase.loadAutoFactories(LoaderBase.java:113)
	at com.eviware.soapui.plugins.LoaderBase.loadFactories(LoaderBase.java:80)
	at com.eviware.soapui.plugins.PluginLoader.loadPluginFactories(PluginLoader.java:141)
	at com.eviware.soapui.plugins.PluginLoader.loadPlugin(PluginLoader.java:104)
	at com.eviware.soapui.plugins.PluginLoader.loadPlugin(PluginLoader.java:54)
	at com.eviware.soapui.plugins.PluginManager.doInstallPlugin(PluginManager.java:141)
	at com.eviware.soapui.plugins.PluginManager.access$600(PluginManager.java:43)
	at com.eviware.soapui.plugins.PluginManager$LoadPluginsTask.computeSequentially(PluginManager.java:420)
	at com.eviware.soapui.plugins.PluginManager$LoadPluginsTask.compute(PluginManager.java:377)
	at com.eviware.soapui.plugins.PluginManager$LoadPluginsTask.compute(PluginManager.java:382)
	at com.eviware.soapui.plugins.PluginManager$LoadPluginsTask.compute(PluginManager.java:365)
	at java.util.concurrent.RecursiveTask.exec(RecursiveTask.java:94)
	at java.util.concurrent.ForkJoinTask.doExec(ForkJoinTask.java:289)
	at java.util.concurrent.ForkJoinPool$WorkQueue.runTask(ForkJoinPool.java:1056)
	at java.util.concurrent.ForkJoinPool.runWorker(ForkJoinPool.java:1692)
	at java.util.concurrent.ForkJoinWorkerThread.run(ForkJoinWorkerThread.java:157)
2020-06-13 18:17:16,459 ERROR [SoapUI] An error occurred [com.eviware.soapui.plugins.auto.factories.AutoImportMethodFactory], see error log for details
2020-06-13 18:17:16,463 ERROR [errorlog] java.lang.ClassNotFoundException: com.eviware.soapui.plugins.auto.factories.AutoImportMethodFactory
java.lang.ClassNotFoundException: com.eviware.soapui.plugins.auto.factories.AutoImportMethodFactory
	at org.codehaus.plexus.classworlds.strategy.SelfFirstStrategy.loadClass(SelfFirstStrategy.java:50)
	at org.codehaus.plexus.classworlds.realm.ClassRealm.unsynchronizedLoadClass(ClassRealm.java:271)
	at org.codehaus.plexus.classworlds.realm.ClassRealm.loadClass(ClassRealm.java:247)
	at org.codehaus.plexus.classworlds.realm.ClassRealm.loadClass(ClassRealm.java:239)
	at java.lang.Class.forName0(Native Method)
	at java.lang.Class.forName(Class.java:264)
	at com.eviware.soapui.plugins.LoaderBase.loadAutoFactories(LoaderBase.java:113)
	at com.eviware.soapui.plugins.LoaderBase.loadFactories(LoaderBase.java:80)
	at com.eviware.soapui.plugins.PluginLoader.loadPluginFactories(PluginLoader.java:141)
	at com.eviware.soapui.plugins.PluginLoader.loadPlugin(PluginLoader.java:104)
	at com.eviware.soapui.plugins.PluginLoader.loadPlugin(PluginLoader.java:54)
	at com.eviware.soapui.plugins.PluginManager.doInstallPlugin(PluginManager.java:141)
	at com.eviware.soapui.plugins.PluginManager.access$600(PluginManager.java:43)
	at com.eviware.soapui.plugins.PluginManager$LoadPluginsTask.computeSequentially(PluginManager.java:420)
	at com.eviware.soapui.plugins.PluginManager$LoadPluginsTask.compute(PluginManager.java:377)
	at com.eviware.soapui.plugins.PluginManager$LoadPluginsTask.compute(PluginManager.java:365)
	at java.util.concurrent.RecursiveTask.exec(RecursiveTask.java:94)
	at java.util.concurrent.ForkJoinTask.doExec(ForkJoinTask.java:289)
	at java.util.concurrent.ForkJoinPool$WorkQueue.runTask(ForkJoinPool.java:1056)
	at java.util.concurrent.ForkJoinPool.runWorker(ForkJoinPool.java:1692)
	at java.util.concurrent.ForkJoinWorkerThread.run(ForkJoinWorkerThread.java:157)
2020-06-13 18:17:16,557 ERROR [SoapUI] An error occurred [com.eviware.soapui.plugins.auto.factories.AutoImportMethodFactory], see error log for details
2020-06-13 18:17:16,563 ERROR [errorlog] java.lang.ClassNotFoundException: com.eviware.soapui.plugins.auto.factories.AutoImportMethodFactory
java.lang.ClassNotFoundException: com.eviware.soapui.plugins.auto.factories.AutoImportMethodFactory
	at org.codehaus.plexus.classworlds.strategy.SelfFirstStrategy.loadClass(SelfFirstStrategy.java:50)
	at org.codehaus.plexus.classworlds.realm.ClassRealm.unsynchronizedLoadClass(ClassRealm.java:271)
	at org.codehaus.plexus.classworlds.realm.ClassRealm.loadClass(ClassRealm.java:247)
	at org.codehaus.plexus.classworlds.realm.ClassRealm.loadClass(ClassRealm.java:239)
	at java.lang.Class.forName0(Native Method)
	at java.lang.Class.forName(Class.java:264)
	at com.eviware.soapui.plugins.LoaderBase.loadAutoFactories(LoaderBase.java:113)
	at com.eviware.soapui.plugins.LoaderBase.loadFactories(LoaderBase.java:80)
	at com.eviware.soapui.plugins.PluginLoader.loadPluginFactories(PluginLoader.java:141)
	at com.eviware.soapui.plugins.PluginLoader.loadPlugin(PluginLoader.java:104)
	at com.eviware.soapui.plugins.PluginLoader.loadPlugin(PluginLoader.java:54)
	at com.eviware.soapui.plugins.PluginManager.doInstallPlugin(PluginManager.java:141)
	at com.eviware.soapui.plugins.PluginManager.access$600(PluginManager.java:43)
	at com.eviware.soapui.plugins.PluginManager$LoadPluginsTask.computeSequentially(PluginManager.java:420)
	at com.eviware.soapui.plugins.PluginManager$LoadPluginsTask.compute(PluginManager.java:377)
	at com.eviware.soapui.plugins.PluginManager$LoadPluginsTask.compute(PluginManager.java:382)
	at com.eviware.soapui.plugins.PluginManager$LoadPluginsTask.compute(PluginManager.java:365)
	at java.util.concurrent.RecursiveTask.exec(RecursiveTask.java:94)
	at java.util.concurrent.ForkJoinTask.doExec(ForkJoinTask.java:289)
	at java.util.concurrent.ForkJoinPool$WorkQueue.runTask(ForkJoinPool.java:1056)
	at java.util.concurrent.ForkJoinPool.runWorker(ForkJoinPool.java:1692)
	at java.util.concurrent.ForkJoinWorkerThread.run(ForkJoinWorkerThread.java:157)
2020-06-13 18:17:16,830 INFO  [PluginManager] Adding plugin from [C:\Users\SukanyaMankala\.soapuios\plugins\readyapi-swaggerhub-plugin-1.0.jar]
2020-06-13 18:17:17,374 ERROR [SoapUI] An error occurred [com.eviware.soapui.plugins.auto.factories.AutoDiscoveryMethodFactory], see error log for details
2020-06-13 18:17:17,375 ERROR [errorlog] java.lang.ClassNotFoundException: com.eviware.soapui.plugins.auto.factories.AutoDiscoveryMethodFactory
java.lang.ClassNotFoundException: com.eviware.soapui.plugins.auto.factories.AutoDiscoveryMethodFactory
	at org.codehaus.plexus.classworlds.strategy.SelfFirstStrategy.loadClass(SelfFirstStrategy.java:50)
	at org.codehaus.plexus.classworlds.realm.ClassRealm.unsynchronizedLoadClass(ClassRealm.java:271)
	at org.codehaus.plexus.classworlds.realm.ClassRealm.loadClass(ClassRealm.java:247)
	at org.codehaus.plexus.classworlds.realm.ClassRealm.loadClass(ClassRealm.java:239)
	at java.lang.Class.forName0(Native Method)
	at java.lang.Class.forName(Class.java:264)
	at com.eviware.soapui.plugins.LoaderBase.loadAutoFactories(LoaderBase.java:113)
	at com.eviware.soapui.plugins.LoaderBase.loadFactories(LoaderBase.java:80)
	at com.eviware.soapui.plugins.PluginLoader.loadPluginFactories(PluginLoader.java:141)
	at com.eviware.soapui.plugins.PluginLoader.loadPlugin(PluginLoader.java:104)
	at com.eviware.soapui.plugins.PluginLoader.loadPlugin(PluginLoader.java:54)
	at com.eviware.soapui.plugins.PluginManager.doInstallPlugin(PluginManager.java:141)
	at com.eviware.soapui.plugins.PluginManager.access$600(PluginManager.java:43)
	at com.eviware.soapui.plugins.PluginManager$LoadPluginsTask.computeSequentially(PluginManager.java:420)
	at com.eviware.soapui.plugins.PluginManager$LoadPluginsTask.compute(PluginManager.java:377)
	at com.eviware.soapui.plugins.PluginManager$LoadPluginsTask.compute(PluginManager.java:382)
	at com.eviware.soapui.plugins.PluginManager$LoadPluginsTask.compute(PluginManager.java:365)
	at java.util.concurrent.RecursiveTask.exec(RecursiveTask.java:94)
	at java.util.concurrent.ForkJoinTask.doExec(ForkJoinTask.java:289)
	at java.util.concurrent.ForkJoinPool$WorkQueue.runTask(ForkJoinPool.java:1056)
	at java.util.concurrent.ForkJoinPool.runWorker(ForkJoinPool.java:1692)
	at java.util.concurrent.ForkJoinWorkerThread.run(ForkJoinWorkerThread.java:157)
2020-06-13 18:17:17,462 ERROR [SoapUI] An error occurred [com.eviware.soapui.plugins.auto.factories.AutoImportMethodFactory], see error log for details
2020-06-13 18:17:17,465 ERROR [errorlog] java.lang.ClassNotFoundException: com.eviware.soapui.plugins.auto.factories.AutoImportMethodFactory
java.lang.ClassNotFoundException: com.eviware.soapui.plugins.auto.factories.AutoImportMethodFactory
	at org.codehaus.plexus.classworlds.strategy.SelfFirstStrategy.loadClass(SelfFirstStrategy.java:50)
	at org.codehaus.plexus.classworlds.realm.ClassRealm.unsynchronizedLoadClass(ClassRealm.java:271)
	at org.codehaus.plexus.classworlds.realm.ClassRealm.loadClass(ClassRealm.java:247)
	at org.codehaus.plexus.classworlds.realm.ClassRealm.loadClass(ClassRealm.java:239)
	at java.lang.Class.forName0(Native Method)
	at java.lang.Class.forName(Class.java:264)
	at com.eviware.soapui.plugins.LoaderBase.loadAutoFactories(LoaderBase.java:113)
	at com.eviware.soapui.plugins.LoaderBase.loadFactories(LoaderBase.java:80)
	at com.eviware.soapui.plugins.PluginLoader.loadPluginFactories(PluginLoader.java:141)
	at com.eviware.soapui.plugins.PluginLoader.loadPlugin(PluginLoader.java:104)
	at com.eviware.soapui.plugins.PluginLoader.loadPlugin(PluginLoader.java:54)
	at com.eviware.soapui.plugins.PluginManager.doInstallPlugin(PluginManager.java:141)
	at com.eviware.soapui.plugins.PluginManager.access$600(PluginManager.java:43)
	at com.eviware.soapui.plugins.PluginManager$LoadPluginsTask.computeSequentially(PluginManager.java:420)
	at com.eviware.soapui.plugins.PluginManager$LoadPluginsTask.compute(PluginManager.java:377)
	at com.eviware.soapui.plugins.PluginManager$LoadPluginsTask.compute(PluginManager.java:382)
	at com.eviware.soapui.plugins.PluginManager$LoadPluginsTask.compute(PluginManager.java:365)
	at java.util.concurrent.RecursiveTask.exec(RecursiveTask.java:94)
	at java.util.concurrent.ForkJoinTask.doExec(ForkJoinTask.java:289)
	at java.util.concurrent.ForkJoinPool$WorkQueue.runTask(ForkJoinPool.java:1056)
	at java.util.concurrent.ForkJoinPool.runWorker(ForkJoinPool.java:1692)
	at java.util.concurrent.ForkJoinWorkerThread.run(ForkJoinWorkerThread.java:157)
2020-06-13 18:17:17,562 INFO  [PluginManager] 5 plugins loaded in 4068 ms
2020-06-13 18:17:17,562 INFO  [DefaultSoapUICore] All plugins loaded
2020-06-13 18:17:18,631 INFO  [WsdlProject] Loaded project from [file:/C:/Users/SukanyaMankala/Desktop/Project/REST_PROJECT/REST--PROJECT-soapui-project.xml]
2020-06-13 18:17:18,641 INFO  [SoapUITestCaseRunner] Running SoapUI tests in project [REST- PROJECT]
2020-06-13 18:17:18,644 INFO  [SoapUITestCaseRunner] Running Project [REST- PROJECT], runType = SEQUENTIAL
2020-06-13 18:17:18,658 INFO  [SoapUITestCaseRunner] Running SoapUI testcase [Auth and Login]
2020-06-13 18:17:18,677 INFO  [SoapUITestCaseRunner] running step [Authorize]
2020-06-13 18:17:20,063 INFO  [log] 200
2020-06-13 18:17:20,064 INFO  [log] {"success":1,"error":[],"data":{"access_token":"57ddc7770631309f3e30f3a224447e2357d62150","expires_in":86400,"token_type":"Bearer"}}
2020-06-13 18:17:20,084 INFO  [log] 57ddc7770631309f3e30f3a224447e2357d62150
2020-06-13 18:17:20,111 INFO  [SoapUITestCaseRunner] Assertion [Script Assertion] has status VALID
2020-06-13 18:17:20,111 INFO  [SoapUITestCaseRunner] Assertion [Valid HTTP Status Codes] has status VALID
2020-06-13 18:17:20,113 INFO  [SoapUITestCaseRunner] running step [Admin_login]
2020-06-13 18:17:20,436 INFO  [SoapUITestCaseRunner] Finished running SoapUI testcase [Auth and Login], time taken: 1046ms, status: FINISHED
2020-06-13 18:17:20,442 INFO  [SoapUITestCaseRunner] Running SoapUI testcase [Logout]
2020-06-13 18:17:20,442 INFO  [SoapUITestCaseRunner] running step [Admin_Logout]
2020-06-13 18:17:20,815 INFO  [log] 200
2020-06-13 18:17:20,817 INFO  [log] {"success":1,"error":[],"data":[]}
2020-06-13 18:17:20,818 INFO  [log] 1
2020-06-13 18:17:20,819 INFO  [SoapUITestCaseRunner] Assertion [Script Assertion] has status VALID
2020-06-13 18:17:20,823 INFO  [SoapUITestCaseRunner] Assertion [Valid HTTP Status Codes] has status VALID
2020-06-13 18:17:20,824 INFO  [SoapUITestCaseRunner] Finished running SoapUI testcase [Logout], time taken: 321ms, status: FINISHED
2020-06-13 18:17:20,825 INFO  [SoapUITestCaseRunner] Running SoapUI testcase [TC01]
2020-06-13 18:17:20,826 INFO  [SoapUITestCaseRunner] running step [Authorize]
2020-06-13 18:17:21,183 INFO  [log] 200
2020-06-13 18:17:21,184 INFO  [log] {"success":1,"error":[],"data":{"access_token":"8cd44453dde529fa8c2e25d53537024fdaef95fc","expires_in":86400,"token_type":"Bearer"}}
2020-06-13 18:17:21,191 INFO  [log] 8cd44453dde529fa8c2e25d53537024fdaef95fc
2020-06-13 18:17:21,192 INFO  [SoapUITestCaseRunner] Assertion [Script Assertion] has status VALID
2020-06-13 18:17:21,193 INFO  [SoapUITestCaseRunner] Assertion [Valid HTTP Status Codes] has status VALID
2020-06-13 18:17:21,194 INFO  [SoapUITestCaseRunner] Finished running SoapUI testcase [TC01], time taken: 316ms, status: FINISHED
2020-06-13 18:17:21,201 INFO  [SoapUITestCaseRunner] Running SoapUI testcase [TC02]
2020-06-13 18:17:21,202 INFO  [SoapUITestCaseRunner] running step [Admin_Login]
2020-06-13 18:17:21,566 INFO  [log] 200
2020-06-13 18:17:21,566 INFO  [log] {"success":1,"error":[],"data":{"user_id":"1","user_group_id":"1","username":"upskills_admin","firstname":"John","lastname":"Doe","email":"probitstechnologies@gmail.com","image":"","ip":"49.37.130.111","status":"1","date_added":"2019-11-11 07:59:33","user_group":"Administrator"}}
2020-06-13 18:17:21,574 INFO  [log] upskills_admin
2020-06-13 18:17:21,575 INFO  [log] upskills_admin
2020-06-13 18:17:21,576 INFO  [SoapUITestCaseRunner] Assertion [Valid HTTP Status Codes] has status VALID
2020-06-13 18:17:21,578 INFO  [SoapUITestCaseRunner] Assertion [Script Assertion] has status VALID
2020-06-13 18:17:21,584 INFO  [SoapUITestCaseRunner] running step [Get_User]
2020-06-13 18:17:21,994 INFO  [log] 200
2020-06-13 18:17:21,995 INFO  [log] {"success":1,"error":[],"data":{"user_id":"1","user_group_id":"1","username":"upskills_admin","firstname":"John","lastname":"Doe","email":"probitstechnologies@gmail.com","image":"","ip":"49.37.130.111","status":"1","date_added":"2019-11-11 07:59:33","user_group":"Administrator"}}
2020-06-13 18:17:22,004 INFO  [log] upskills_admin
2020-06-13 18:17:22,005 INFO  [log] upskills_admin
2020-06-13 18:17:22,005 INFO  [SoapUITestCaseRunner] Assertion [Script Assertion] has status VALID
2020-06-13 18:17:22,008 INFO  [SoapUITestCaseRunner] Assertion [Valid HTTP Status Codes] has status VALID
2020-06-13 18:17:22,012 INFO  [SoapUITestCaseRunner] running step [Admin_Logout]
2020-06-13 18:17:22,343 INFO  [log] 200
2020-06-13 18:17:22,363 INFO  [SoapUITestCaseRunner] Assertion [Script Assertion] has status VALID
2020-06-13 18:17:22,363 INFO  [SoapUITestCaseRunner] Assertion [Valid HTTP Status Codes] has status VALID
2020-06-13 18:17:22,365 INFO  [SoapUITestCaseRunner] Assertion [JsonPath Match] has status VALID
2020-06-13 18:17:22,365 INFO  [SoapUITestCaseRunner] Finished running SoapUI testcase [TC02], time taken: 942ms, status: FINISHED
2020-06-13 18:17:22,370 INFO  [SoapUITestCaseRunner] Running SoapUI testcase [TC02_Script]
2020-06-13 18:17:22,371 INFO  [SoapUITestCaseRunner] running step [ExcelLogin_credentials]
2020-06-13 18:17:22,616 INFO  [log] upskills_admin
2020-06-13 18:17:22,617 INFO  [log] Talent4$$
2020-06-13 18:17:22,627 INFO  [SoapUITestCaseRunner] Running SoapUI testcase [TC02]
2020-06-13 18:17:22,628 INFO  [SoapUITestCaseRunner] running step [Admin_Login]
2020-06-13 18:17:22,963 INFO  [log] 200
2020-06-13 18:17:22,964 INFO  [log] {"success":1,"error":[],"data":{"user_id":"1","user_group_id":"1","username":"upskills_admin","firstname":"John","lastname":"Doe","email":"probitstechnologies@gmail.com","image":"","ip":"49.37.130.111","status":"1","date_added":"2019-11-11 07:59:33","user_group":"Administrator"}}
2020-06-13 18:17:22,973 INFO  [log] upskills_admin
2020-06-13 18:17:22,978 INFO  [log] upskills_admin
2020-06-13 18:17:22,979 INFO  [SoapUITestCaseRunner] Assertion [Valid HTTP Status Codes] has status VALID
2020-06-13 18:17:22,979 INFO  [SoapUITestCaseRunner] Assertion [Script Assertion] has status VALID
2020-06-13 18:17:22,981 INFO  [SoapUITestCaseRunner] running step [Get_User]
2020-06-13 18:17:23,326 INFO  [log] 200
2020-06-13 18:17:23,326 INFO  [log] {"success":1,"error":[],"data":{"user_id":"1","user_group_id":"1","username":"upskills_admin","firstname":"John","lastname":"Doe","email":"probitstechnologies@gmail.com","image":"","ip":"49.37.130.111","status":"1","date_added":"2019-11-11 07:59:33","user_group":"Administrator"}}
2020-06-13 18:17:23,336 INFO  [log] upskills_admin
2020-06-13 18:17:23,340 INFO  [log] upskills_admin
2020-06-13 18:17:23,341 INFO  [SoapUITestCaseRunner] Assertion [Script Assertion] has status VALID
2020-06-13 18:17:23,342 INFO  [SoapUITestCaseRunner] Assertion [Valid HTTP Status Codes] has status VALID
2020-06-13 18:17:23,342 INFO  [SoapUITestCaseRunner] running step [Admin_Logout]
2020-06-13 18:17:23,691 INFO  [log] 200
2020-06-13 18:17:23,695 INFO  [SoapUITestCaseRunner] Assertion [Script Assertion] has status VALID
2020-06-13 18:17:23,701 INFO  [SoapUITestCaseRunner] Assertion [Valid HTTP Status Codes] has status VALID
2020-06-13 18:17:23,710 INFO  [SoapUITestCaseRunner] Assertion [JsonPath Match] has status VALID
2020-06-13 18:17:23,717 INFO  [SoapUITestCaseRunner] Finished running SoapUI testcase [TC02], time taken: 984ms, status: FINISHED
2020-06-13 18:17:23,748 INFO  [log] Status : FINISHED, time taken for testcase is 984 ms
2020-06-13 18:17:23,761 INFO  [log] number of tets steps executed are : 3
2020-06-13 18:17:23,762 INFO  [SoapUITestCaseRunner] Finished running SoapUI testcase [TC02_Script], time taken: 1388ms, status: FINISHED
2020-06-13 18:17:23,780 INFO  [SoapUITestCaseRunner] Running SoapUI testcase [Auth and Login]
2020-06-13 18:17:23,781 INFO  [SoapUITestCaseRunner] running step [Authorize]
2020-06-13 18:17:24,130 INFO  [log] 200
2020-06-13 18:17:24,131 INFO  [log] {"success":1,"error":[],"data":{"access_token":"b9a4886ed17188099140981ef8509d04a95423e0","expires_in":86400,"token_type":"Bearer"}}
2020-06-13 18:17:24,141 INFO  [log] b9a4886ed17188099140981ef8509d04a95423e0
2020-06-13 18:17:24,156 INFO  [SoapUITestCaseRunner] Assertion [Script Assertion] has status VALID
2020-06-13 18:17:24,163 INFO  [SoapUITestCaseRunner] Assertion [Valid HTTP Status Codes] has status VALID
2020-06-13 18:17:24,169 INFO  [SoapUITestCaseRunner] running step [Admin_login]
2020-06-13 18:17:24,538 INFO  [SoapUITestCaseRunner] Finished running SoapUI testcase [Auth and Login], time taken: 673ms, status: FINISHED
2020-06-13 18:17:24,547 INFO  [SoapUITestCaseRunner] Running SoapUI testcase [TC24]
2020-06-13 18:17:24,550 INFO  [SoapUITestCaseRunner] running step [Keyword]
2020-06-13 18:17:24,607 INFO  [SoapUITestCaseRunner] running step [Add Product]
2020-06-13 18:17:24,989 INFO  [SoapUITestCaseRunner] Assertion [Valid HTTP Status Codes] has status VALID
2020-06-13 18:17:24,989 INFO  [SoapUITestCaseRunner] running step [GetProduct]
2020-06-13 18:17:28,787 INFO  [SoapUITestCaseRunner] Assertion [Valid HTTP Status Codes] has status VALID
2020-06-13 18:17:28,787 INFO  [SoapUITestCaseRunner] running step [Groovy Script]
2020-06-13 18:17:28,833 INFO  [log] Quantity update is not performed
2020-06-13 18:17:28,833 INFO  [log] Quantity update is not performed
2020-06-13 18:17:28,835 INFO  [log] Quantity update is not performed
2020-06-13 18:17:28,839 INFO  [log] Quantity update is not performed
2020-06-13 18:17:28,839 INFO  [log] Quantity update is not performed
2020-06-13 18:17:28,840 INFO  [log] Quantity update is not performed
2020-06-13 18:17:28,841 INFO  [log] Quantity update is not performed
2020-06-13 18:17:28,841 INFO  [log] Quantity update is not performed
2020-06-13 18:17:28,842 INFO  [log] Quantity update is not performed
2020-06-13 18:17:28,842 INFO  [log] Quantity update is not performed
2020-06-13 18:17:28,843 INFO  [log] Quantity update is not performed
2020-06-13 18:17:28,846 INFO  [log] Quantity update is not performed
2020-06-13 18:17:28,846 INFO  [log] Quantity update is not performed
2020-06-13 18:17:28,849 INFO  [log] Quantity update is not performed
2020-06-13 18:17:28,851 INFO  [log] Quantity update is not performed
2020-06-13 18:17:28,852 INFO  [log] Quantity update is not performed
2020-06-13 18:17:28,853 INFO  [log] Quantity update is not performed
2020-06-13 18:17:28,853 INFO  [log] Quantity update is not performed
2020-06-13 18:17:28,854 INFO  [log] Quantity update is not performed
2020-06-13 18:17:28,857 INFO  [log] Quantity update is not performed
2020-06-13 18:17:28,860 INFO  [log] Quantity update is not performed
2020-06-13 18:17:28,860 INFO  [log] Quantity update is not performed
2020-06-13 18:17:28,860 INFO  [log] Quantity update is not performed
2020-06-13 18:17:28,861 INFO  [log] Quantity update is not performed
2020-06-13 18:17:28,862 INFO  [log] Quantity update is not performed
2020-06-13 18:17:28,863 INFO  [log] Quantity update is not performed
2020-06-13 18:17:28,864 INFO  [log] Quantity update is not performed
2020-06-13 18:17:28,864 INFO  [log] Quantity update is not performed
2020-06-13 18:17:28,865 INFO  [log] Quantity update is not performed
2020-06-13 18:17:28,867 INFO  [log] Quantity update is not performed
2020-06-13 18:17:28,868 INFO  [log] Quantity update is not performed
2020-06-13 18:17:28,871 INFO  [log] Quantity update is not performed
2020-06-13 18:17:28,872 INFO  [log] Quantity update is not performed
2020-06-13 18:17:28,872 INFO  [log] Quantity update is not performed
2020-06-13 18:17:28,873 INFO  [log] Quantity update is not performed
2020-06-13 18:17:28,874 INFO  [log] Quantity update is not performed
2020-06-13 18:17:28,875 INFO  [log] Quantity update is not performed
2020-06-13 18:17:28,876 INFO  [log] Quantity update is not performed
2020-06-13 18:17:28,879 INFO  [log] Quantity update is not performed
2020-06-13 18:17:28,881 INFO  [log] Quantity update is not performed
2020-06-13 18:17:28,883 INFO  [log] Quantity update is not performed
2020-06-13 18:17:28,885 INFO  [log] Quantity update is not performed
2020-06-13 18:17:28,886 INFO  [log] Quantity update is not performed
2020-06-13 18:17:28,887 INFO  [log] Quantity update is not performed
2020-06-13 18:17:28,888 INFO  [log] Quantity update is not performed
2020-06-13 18:17:28,893 INFO  [log] Quantity update is not performed
2020-06-13 18:17:28,894 INFO  [log] Quantity update is not performed
2020-06-13 18:17:28,895 INFO  [log] Quantity update is not performed
2020-06-13 18:17:28,895 INFO  [log] Quantity update is not performed
2020-06-13 18:17:28,897 INFO  [log] Quantity update is not performed
2020-06-13 18:17:28,898 INFO  [log] Quantity update is not performed
2020-06-13 18:17:28,898 INFO  [log] Quantity update is not performed
2020-06-13 18:17:28,901 INFO  [log] Quantity update is not performed
2020-06-13 18:17:28,902 INFO  [log] Quantity update is not performed
2020-06-13 18:17:28,904 INFO  [log] Quantity update is not performed
2020-06-13 18:17:28,905 INFO  [log] Quantity update is not performed
2020-06-13 18:17:28,905 INFO  [log] Quantity update is not performed
2020-06-13 18:17:28,906 INFO  [log] Quantity update is not performed
2020-06-13 18:17:28,907 INFO  [log] Quantity update is not performed
2020-06-13 18:17:28,908 INFO  [log] Quantity update is not performed
2020-06-13 18:17:28,908 INFO  [log] Quantity update is not performed
2020-06-13 18:17:28,909 INFO  [log] Quantity update is not performed
2020-06-13 18:17:28,910 INFO  [log] Quantity update is not performed
2020-06-13 18:17:28,915 INFO  [log] Quantity update is not performed
2020-06-13 18:17:28,916 INFO  [log] Quantity update is not performed
2020-06-13 18:17:28,917 INFO  [log] Quantity update is not performed
2020-06-13 18:17:28,918 INFO  [log] Quantity update is not performed
2020-06-13 18:17:28,919 INFO  [log] Quantity update is not performed
2020-06-13 18:17:28,919 INFO  [log] Quantity update is not performed
2020-06-13 18:17:28,920 INFO  [log] Quantity update is not performed
2020-06-13 18:17:28,921 INFO  [log] Quantity update is not performed
2020-06-13 18:17:28,921 INFO  [log] Quantity update is not performed
2020-06-13 18:17:28,922 INFO  [log] Quantity update is not performed
2020-06-13 18:17:28,923 INFO  [log] Quantity update is not performed
2020-06-13 18:17:28,926 INFO  [log] Quantity update is not performed
2020-06-13 18:17:28,929 INFO  [log] Quantity update is not performed
2020-06-13 18:17:28,929 INFO  [log] Quantity update is not performed
2020-06-13 18:17:28,930 INFO  [log] Quantity update is not performed
2020-06-13 18:17:28,931 INFO  [log] Quantity update is not performed
2020-06-13 18:17:28,933 INFO  [log] Quantity update is not performed
2020-06-13 18:17:28,934 INFO  [log] Quantity update is not performed
2020-06-13 18:17:28,937 INFO  [log] Quantity update is not performed
2020-06-13 18:17:28,937 INFO  [log] Quantity update is not performed
2020-06-13 18:17:28,940 INFO  [log] Quantity update is not performed
2020-06-13 18:17:28,941 INFO  [log] Quantity update is not performed
2020-06-13 18:17:28,942 INFO  [log] Quantity update is not performed
2020-06-13 18:17:28,942 INFO  [log] Quantity update is not performed
2020-06-13 18:17:28,943 INFO  [log] Quantity update is not performed
2020-06-13 18:17:28,944 INFO  [log] Quantity update is not performed
2020-06-13 18:17:28,948 INFO  [log] Quantity update is not performed
2020-06-13 18:17:28,950 INFO  [log] Quantity update is not performed
2020-06-13 18:17:28,950 INFO  [log] Quantity update is not performed
2020-06-13 18:17:28,951 INFO  [log] Quantity update is not performed
2020-06-13 18:17:28,951 INFO  [log] Quantity update is not performed
2020-06-13 18:17:28,952 INFO  [log] Quantity update is not performed
2020-06-13 18:17:28,954 INFO  [log] Quantity update is not performed
2020-06-13 18:17:28,955 INFO  [log] Quantity update is not performed
2020-06-13 18:17:28,959 INFO  [log] Quantity update is not performed
2020-06-13 18:17:28,959 INFO  [log] Quantity update is not performed
2020-06-13 18:17:28,965 INFO  [log] 750
2020-06-13 18:17:28,966 INFO  [log] 1001
2020-06-13 18:17:28,966 INFO  [SoapUITestCaseRunner] running step [Update Quantity]
2020-06-13 18:17:29,379 INFO  [log] 200
2020-06-13 18:17:29,380 INFO  [log] {"success":1,"error":[],"data":[]}
2020-06-13 18:17:29,381 INFO  [log] 1
2020-06-13 18:17:29,385 INFO  [log] Update Successfully
2020-06-13 18:17:29,385 INFO  [SoapUITestCaseRunner] running step [GetProduct]
2020-06-13 18:17:32,190 INFO  [log] updated value is validated with response
2020-06-13 18:17:32,191 INFO  [SoapUITestCaseRunner] running step [Update Quantity]
2020-06-13 18:17:32,512 INFO  [log] 200
2020-06-13 18:17:32,512 INFO  [log] {"success":1,"error":[],"data":[]}
2020-06-13 18:17:32,513 INFO  [log] 1
2020-06-13 18:17:32,515 INFO  [SoapUITestCaseRunner] Assertion [Valid HTTP Status Codes] has status VALID
2020-06-13 18:17:32,518 INFO  [SoapUITestCaseRunner] Assertion [Script Assertion] has status VALID
2020-06-13 18:17:32,528 INFO  [SoapUITestCaseRunner] Running SoapUI testcase [Logout]
2020-06-13 18:17:32,528 INFO  [SoapUITestCaseRunner] running step [Admin_Logout]
2020-06-13 18:17:32,852 INFO  [log] 200
2020-06-13 18:17:32,853 INFO  [log] {"success":1,"error":[],"data":[]}
2020-06-13 18:17:32,855 INFO  [log] 1
2020-06-13 18:17:32,858 INFO  [SoapUITestCaseRunner] Assertion [Script Assertion] has status VALID
2020-06-13 18:17:32,859 INFO  [SoapUITestCaseRunner] Assertion [Valid HTTP Status Codes] has status VALID
2020-06-13 18:17:32,861 INFO  [SoapUITestCaseRunner] Finished running SoapUI testcase [Logout], time taken: 313ms, status: FINISHED
2020-06-13 18:17:32,864 INFO  [SoapUITestCaseRunner] Finished running SoapUI testcase [TC24], time taken: 10509ms, status: FINISHED
2020-06-13 18:17:32,879 INFO  [SoapUITestCaseRunner] Running SoapUI testcase [Auth and Login]
2020-06-13 18:17:32,879 INFO  [SoapUITestCaseRunner] running step [Authorize]
2020-06-13 18:17:33,209 INFO  [log] 200
2020-06-13 18:17:33,210 INFO  [log] {"success":1,"error":[],"data":{"access_token":"b80227c0287fb823f9bfc3c36356b858516a9557","expires_in":86400,"token_type":"Bearer"}}
2020-06-13 18:17:33,222 INFO  [log] b80227c0287fb823f9bfc3c36356b858516a9557
2020-06-13 18:17:33,224 INFO  [SoapUITestCaseRunner] Assertion [Script Assertion] has status VALID
2020-06-13 18:17:33,227 INFO  [SoapUITestCaseRunner] Assertion [Valid HTTP Status Codes] has status VALID
2020-06-13 18:17:33,229 INFO  [SoapUITestCaseRunner] running step [Admin_login]
2020-06-13 18:17:33,553 INFO  [SoapUITestCaseRunner] Finished running SoapUI testcase [Auth and Login], time taken: 627ms, status: FINISHED
2020-06-13 18:17:33,562 INFO  [SoapUITestCaseRunner] Running SoapUI testcase [TC25]
2020-06-13 18:17:33,567 INFO  [SoapUITestCaseRunner] running step [Add product]
2020-06-13 18:17:33,911 INFO  [SoapUITestCaseRunner] Assertion [Valid HTTP Status Codes] has status VALID
2020-06-13 18:17:33,913 INFO  [SoapUITestCaseRunner] running step [Store Product Id from Add Product]
2020-06-13 18:17:33,971 INFO  [log] 751
2020-06-13 18:17:33,972 INFO  [SoapUITestCaseRunner] running step [Get Product By Id]
2020-06-13 18:17:34,316 INFO  [SoapUITestCaseRunner] Assertion [Valid HTTP Status Codes] has status VALID
2020-06-13 18:17:34,317 INFO  [SoapUITestCaseRunner] Assertion [JsonPath Existence Match] has status VALID
2020-06-13 18:17:34,323 INFO  [SoapUITestCaseRunner] running step [Delete Product By Id]
2020-06-13 18:17:34,655 INFO  [SoapUITestCaseRunner] Assertion [Valid HTTP Status Codes] has status VALID
2020-06-13 18:17:34,656 INFO  [SoapUITestCaseRunner] running step [Get Product By Id -Repeat]
2020-06-13 18:17:34,992 INFO  [SoapUITestCaseRunner] Assertion [Valid HTTP Status Codes] has status VALID
2020-06-13 18:17:34,994 INFO  [SoapUITestCaseRunner] Assertion [JsonPath Match] has status VALID
2020-06-13 18:17:34,999 INFO  [SoapUITestCaseRunner] Finished running SoapUI testcase [TC25], time taken: 1344ms, status: FINISHED
2020-06-13 18:17:35,046 INFO  [SoapUITestCaseRunner] Running SoapUI testcase [Auth and Login]
2020-06-13 18:17:35,047 INFO  [SoapUITestCaseRunner] running step [Authorize]
2020-06-13 18:17:35,378 INFO  [log] 200
2020-06-13 18:17:35,380 INFO  [log] {"success":1,"error":[],"data":{"access_token":"3e7eb0599fea46f77bbcbdd1e74600c467df0ee1","expires_in":86400,"token_type":"Bearer"}}
2020-06-13 18:17:35,391 INFO  [log] 3e7eb0599fea46f77bbcbdd1e74600c467df0ee1
2020-06-13 18:17:35,399 INFO  [SoapUITestCaseRunner] Assertion [Script Assertion] has status VALID
2020-06-13 18:17:35,400 INFO  [SoapUITestCaseRunner] Assertion [Valid HTTP Status Codes] has status VALID
2020-06-13 18:17:35,403 INFO  [SoapUITestCaseRunner] running step [Admin_login]
2020-06-13 18:17:35,761 INFO  [SoapUITestCaseRunner] Finished running SoapUI testcase [Auth and Login], time taken: 648ms, status: FINISHED
2020-06-13 18:17:35,771 INFO  [SoapUITestCaseRunner] Running SoapUI testcase [TC25- ExcelDataDriven]
2020-06-13 18:17:35,774 INFO  [SoapUITestCaseRunner] running step [ExcelDataDriven]
2020-06-13 18:17:36,017 INFO  [log]  Total number of rows 3
2020-06-13 18:17:36,017 INFO  [log]  Total number of columns 2
2020-06-13 18:17:36,023 INFO  [log] Lsofa1
2020-06-13 18:17:36,023 INFO  [log] 8
2020-06-13 18:17:36,024 INFO  [SoapUITestCaseRunner] Running SoapUI testcase [Auth and Login]
2020-06-13 18:17:36,024 INFO  [SoapUITestCaseRunner] running step [Authorize]
2020-06-13 18:17:36,350 INFO  [log] 200
2020-06-13 18:17:36,351 INFO  [log] {"success":1,"error":[],"data":{"access_token":"e4098ee009020f558bc2b2680f6527eef866b480","expires_in":86400,"token_type":"Bearer"}}
2020-06-13 18:17:36,357 INFO  [log] e4098ee009020f558bc2b2680f6527eef866b480
2020-06-13 18:17:36,361 INFO  [SoapUITestCaseRunner] Assertion [Script Assertion] has status VALID
2020-06-13 18:17:36,361 INFO  [SoapUITestCaseRunner] Assertion [Valid HTTP Status Codes] has status VALID
2020-06-13 18:17:36,362 INFO  [SoapUITestCaseRunner] running step [Admin_login]
2020-06-13 18:17:36,692 INFO  [SoapUITestCaseRunner] Finished running SoapUI testcase [Auth and Login], time taken: 639ms, status: FINISHED
2020-06-13 18:17:36,696 INFO  [SoapUITestCaseRunner] Running SoapUI testcase [TC25]
2020-06-13 18:17:36,700 INFO  [SoapUITestCaseRunner] running step [Add product]
2020-06-13 18:17:37,041 INFO  [SoapUITestCaseRunner] Assertion [Valid HTTP Status Codes] has status VALID
2020-06-13 18:17:37,042 INFO  [SoapUITestCaseRunner] running step [Store Product Id from Add Product]
2020-06-13 18:17:37,046 INFO  [log] 752
2020-06-13 18:17:37,048 INFO  [SoapUITestCaseRunner] running step [Get Product By Id]
2020-06-13 18:17:37,429 INFO  [SoapUITestCaseRunner] Assertion [Valid HTTP Status Codes] has status VALID
2020-06-13 18:17:37,430 INFO  [SoapUITestCaseRunner] Assertion [JsonPath Existence Match] has status VALID
2020-06-13 18:17:37,436 INFO  [SoapUITestCaseRunner] running step [Delete Product By Id]
2020-06-13 18:17:37,791 INFO  [SoapUITestCaseRunner] Assertion [Valid HTTP Status Codes] has status VALID
2020-06-13 18:17:37,792 INFO  [SoapUITestCaseRunner] running step [Get Product By Id -Repeat]
2020-06-13 18:17:38,142 INFO  [SoapUITestCaseRunner] Assertion [Valid HTTP Status Codes] has status VALID
2020-06-13 18:17:38,145 INFO  [SoapUITestCaseRunner] Assertion [JsonPath Match] has status VALID
2020-06-13 18:17:38,152 INFO  [SoapUITestCaseRunner] Finished running SoapUI testcase [TC25], time taken: 1335ms, status: FINISHED
2020-06-13 18:17:38,157 INFO  [log] Status : FINISHED, time taken for testcase is 1335 ms
2020-06-13 18:17:38,167 INFO  [log] number of tets steps executed are : 5
2020-06-13 18:17:38,173 INFO  [log] Msofa2
2020-06-13 18:17:38,174 INFO  [log] 21
2020-06-13 18:17:38,182 INFO  [SoapUITestCaseRunner] Running SoapUI testcase [Auth and Login]
2020-06-13 18:17:38,188 INFO  [SoapUITestCaseRunner] running step [Authorize]
2020-06-13 18:17:38,543 INFO  [log] 200
2020-06-13 18:17:38,544 INFO  [log] {"success":1,"error":[],"data":{"access_token":"8f1d5ecdbe061aa0e2115873b34b1febdd9e698d","expires_in":86400,"token_type":"Bearer"}}
2020-06-13 18:17:38,552 INFO  [log] 8f1d5ecdbe061aa0e2115873b34b1febdd9e698d
2020-06-13 18:17:38,563 INFO  [SoapUITestCaseRunner] Assertion [Script Assertion] has status VALID
2020-06-13 18:17:38,565 INFO  [SoapUITestCaseRunner] Assertion [Valid HTTP Status Codes] has status VALID
2020-06-13 18:17:38,568 INFO  [SoapUITestCaseRunner] running step [Admin_login]
2020-06-13 18:17:38,934 INFO  [SoapUITestCaseRunner] Finished running SoapUI testcase [Auth and Login], time taken: 676ms, status: FINISHED
2020-06-13 18:17:38,941 INFO  [SoapUITestCaseRunner] Running SoapUI testcase [TC25]
2020-06-13 18:17:38,945 INFO  [SoapUITestCaseRunner] running step [Add product]
2020-06-13 18:17:39,295 INFO  [SoapUITestCaseRunner] Assertion [Valid HTTP Status Codes] has status VALID
2020-06-13 18:17:39,296 INFO  [SoapUITestCaseRunner] running step [Store Product Id from Add Product]
2020-06-13 18:17:39,300 INFO  [log] 753
2020-06-13 18:17:39,312 INFO  [SoapUITestCaseRunner] running step [Get Product By Id]
2020-06-13 18:17:39,699 INFO  [SoapUITestCaseRunner] Assertion [Valid HTTP Status Codes] has status VALID
2020-06-13 18:17:39,699 INFO  [SoapUITestCaseRunner] Assertion [JsonPath Existence Match] has status VALID
2020-06-13 18:17:39,707 INFO  [SoapUITestCaseRunner] running step [Delete Product By Id]
2020-06-13 18:17:40,051 INFO  [SoapUITestCaseRunner] Assertion [Valid HTTP Status Codes] has status VALID
2020-06-13 18:17:40,053 INFO  [SoapUITestCaseRunner] running step [Get Product By Id -Repeat]
2020-06-13 18:17:40,480 INFO  [SoapUITestCaseRunner] Assertion [Valid HTTP Status Codes] has status VALID
2020-06-13 18:17:40,481 INFO  [SoapUITestCaseRunner] Assertion [JsonPath Match] has status VALID
2020-06-13 18:17:40,484 INFO  [SoapUITestCaseRunner] Finished running SoapUI testcase [TC25], time taken: 1435ms, status: FINISHED
2020-06-13 18:17:40,491 INFO  [log] Status : FINISHED, time taken for testcase is 1435 ms
2020-06-13 18:17:40,499 INFO  [log] number of tets steps executed are : 5
2020-06-13 18:17:40,503 INFO  [log] 10
2020-06-13 18:17:40,556 INFO  [SoapUITestCaseRunner] Running SoapUI testcase [Logout]
2020-06-13 18:17:40,558 INFO  [SoapUITestCaseRunner] running step [Admin_Logout]
2020-06-13 18:17:40,917 INFO  [log] 200
2020-06-13 18:17:40,920 INFO  [log] {"success":1,"error":[],"data":[]}
2020-06-13 18:17:40,925 INFO  [log] 1
2020-06-13 18:17:40,932 INFO  [SoapUITestCaseRunner] Assertion [Script Assertion] has status VALID
2020-06-13 18:17:40,933 INFO  [SoapUITestCaseRunner] Assertion [Valid HTTP Status Codes] has status VALID
2020-06-13 18:17:40,945 INFO  [SoapUITestCaseRunner] Finished running SoapUI testcase [Logout], time taken: 338ms, status: FINISHED
2020-06-13 18:17:40,953 INFO  [SoapUITestCaseRunner] Finished running SoapUI testcase [TC25- ExcelDataDriven], time taken: 4725ms, status: FINISHED
2020-06-13 18:17:41,032 INFO  [SoapUITestCaseRunner] Running SoapUI testcase [Auth and Login]
2020-06-13 18:17:41,033 INFO  [SoapUITestCaseRunner] running step [Authorize]
2020-06-13 18:17:41,370 INFO  [log] 200
2020-06-13 18:17:41,372 INFO  [log] {"success":1,"error":[],"data":{"access_token":"25e1b3ce178227c550949413a00e880d304e18d1","expires_in":86400,"token_type":"Bearer"}}
2020-06-13 18:17:41,382 INFO  [log] 25e1b3ce178227c550949413a00e880d304e18d1
2020-06-13 18:17:41,397 INFO  [SoapUITestCaseRunner] Assertion [Script Assertion] has status VALID
2020-06-13 18:17:41,399 INFO  [SoapUITestCaseRunner] Assertion [Valid HTTP Status Codes] has status VALID
2020-06-13 18:17:41,403 INFO  [SoapUITestCaseRunner] running step [Admin_login]
2020-06-13 18:17:41,771 INFO  [SoapUITestCaseRunner] Finished running SoapUI testcase [Auth and Login], time taken: 661ms, status: FINISHED
2020-06-13 18:17:41,775 INFO  [SoapUITestCaseRunner] Running SoapUI testcase [TC26]
2020-06-13 18:17:41,780 INFO  [SoapUITestCaseRunner] running step [Add category]
2020-06-13 18:17:42,222 INFO  [log] 514
2020-06-13 18:17:42,224 INFO  [SoapUITestCaseRunner] Assertion [Script Assertion] has status VALID
2020-06-13 18:17:42,226 INFO  [SoapUITestCaseRunner] running step [Add product]
2020-06-13 18:17:42,615 INFO  [log] {"success":1,"error":[],"data":{"id":754}}
2020-06-13 18:17:42,615 INFO  [log] 1
2020-06-13 18:17:42,648 INFO  [log] 754
2020-06-13 18:17:42,648 INFO  [SoapUITestCaseRunner] Assertion [Script Assertion] has status VALID
2020-06-13 18:17:42,651 INFO  [SoapUITestCaseRunner] Assertion [Script Assertion -getproductId] has status VALID
2020-06-13 18:17:42,655 INFO  [SoapUITestCaseRunner] running step [Delete Product By Id]
2020-06-13 18:17:42,984 INFO  [SoapUITestCaseRunner] Assertion [Valid HTTP Status Codes] has status VALID
2020-06-13 18:17:42,985 INFO  [SoapUITestCaseRunner] running step [Delete Category By Id]
2020-06-13 18:17:43,316 INFO  [SoapUITestCaseRunner] Assertion [Valid HTTP Status Codes] has status VALID
2020-06-13 18:17:43,489 INFO  [SoapUITestCaseRunner] Finished running SoapUI testcase [TC26], time taken: 1313ms, status: FINISHED
2020-06-13 18:17:43,512 INFO  [SoapUITestCaseRunner] Running SoapUI testcase [Auth and Login]
2020-06-13 18:17:43,513 INFO  [SoapUITestCaseRunner] running step [Authorize]
2020-06-13 18:17:43,852 INFO  [log] 200
2020-06-13 18:17:43,854 INFO  [log] {"success":1,"error":[],"data":{"access_token":"c33216c7e67160b24f060a1530a943884fad8386","expires_in":86400,"token_type":"Bearer"}}
2020-06-13 18:17:43,861 INFO  [log] c33216c7e67160b24f060a1530a943884fad8386
2020-06-13 18:17:43,863 INFO  [SoapUITestCaseRunner] Assertion [Script Assertion] has status VALID
2020-06-13 18:17:43,870 INFO  [SoapUITestCaseRunner] Assertion [Valid HTTP Status Codes] has status VALID
2020-06-13 18:17:43,874 INFO  [SoapUITestCaseRunner] running step [Admin_login]
2020-06-13 18:17:44,221 INFO  [SoapUITestCaseRunner] Finished running SoapUI testcase [Auth and Login], time taken: 659ms, status: FINISHED
2020-06-13 18:17:44,228 INFO  [SoapUITestCaseRunner] Running SoapUI testcase [TC26 -DBconnect]
2020-06-13 18:17:44,235 INFO  [SoapUITestCaseRunner] running step [Database Connect]
2020-06-13 18:17:44,512 INFO  [SoapUITestCaseRunner] Running SoapUI testcase [Auth and Login]
2020-06-13 18:17:44,512 INFO  [SoapUITestCaseRunner] running step [Authorize]
2020-06-13 18:17:44,843 INFO  [log] 200
2020-06-13 18:17:44,845 INFO  [log] {"success":1,"error":[],"data":{"access_token":"55914b36cc4b58f8376a29e209dee9df89f88b30","expires_in":86400,"token_type":"Bearer"}}
2020-06-13 18:17:44,852 INFO  [log] 55914b36cc4b58f8376a29e209dee9df89f88b30
2020-06-13 18:17:44,853 INFO  [SoapUITestCaseRunner] Assertion [Script Assertion] has status VALID
2020-06-13 18:17:44,854 INFO  [SoapUITestCaseRunner] Assertion [Valid HTTP Status Codes] has status VALID
2020-06-13 18:17:44,856 INFO  [SoapUITestCaseRunner] running step [Admin_login]
2020-06-13 18:17:45,189 INFO  [SoapUITestCaseRunner] Finished running SoapUI testcase [Auth and Login], time taken: 640ms, status: FINISHED
2020-06-13 18:17:45,194 INFO  [SoapUITestCaseRunner] Running SoapUI testcase [TC26]
2020-06-13 18:17:45,201 INFO  [SoapUITestCaseRunner] running step [Add category]
2020-06-13 18:17:45,543 INFO  [log] 515
2020-06-13 18:17:45,545 INFO  [SoapUITestCaseRunner] Assertion [Script Assertion] has status VALID
2020-06-13 18:17:45,547 INFO  [SoapUITestCaseRunner] running step [Add product]
2020-06-13 18:17:45,910 INFO  [log] {"success":1,"error":[],"data":{"id":755}}
2020-06-13 18:17:45,911 INFO  [log] 1
2020-06-13 18:17:45,921 INFO  [log] 755
2020-06-13 18:17:45,923 INFO  [SoapUITestCaseRunner] Assertion [Script Assertion] has status VALID
2020-06-13 18:17:45,926 INFO  [SoapUITestCaseRunner] Assertion [Script Assertion -getproductId] has status VALID
2020-06-13 18:17:45,929 INFO  [SoapUITestCaseRunner] running step [Delete Product By Id]
2020-06-13 18:17:46,283 INFO  [SoapUITestCaseRunner] Assertion [Valid HTTP Status Codes] has status VALID
2020-06-13 18:17:46,284 INFO  [SoapUITestCaseRunner] running step [Delete Category By Id]
2020-06-13 18:17:46,612 INFO  [SoapUITestCaseRunner] Assertion [Valid HTTP Status Codes] has status VALID
2020-06-13 18:17:46,674 INFO  [SoapUITestCaseRunner] Finished running SoapUI testcase [TC26], time taken: 1321ms, status: FINISHED
2020-06-13 18:17:46,675 INFO  [SoapUITestCaseRunner] Running SoapUI testcase [Auth and Login]
2020-06-13 18:17:46,676 INFO  [SoapUITestCaseRunner] running step [Authorize]
2020-06-13 18:17:47,008 INFO  [log] 200
2020-06-13 18:17:47,013 INFO  [log] {"success":1,"error":[],"data":{"access_token":"dd2a9318d930b4f8cdcd643f53fc223471c814f1","expires_in":86400,"token_type":"Bearer"}}
2020-06-13 18:17:47,021 INFO  [log] dd2a9318d930b4f8cdcd643f53fc223471c814f1
2020-06-13 18:17:47,031 INFO  [SoapUITestCaseRunner] Assertion [Script Assertion] has status VALID
2020-06-13 18:17:47,032 INFO  [SoapUITestCaseRunner] Assertion [Valid HTTP Status Codes] has status VALID
2020-06-13 18:17:47,038 INFO  [SoapUITestCaseRunner] running step [Admin_login]
2020-06-13 18:17:47,372 INFO  [SoapUITestCaseRunner] Finished running SoapUI testcase [Auth and Login], time taken: 638ms, status: FINISHED
2020-06-13 18:17:47,374 INFO  [SoapUITestCaseRunner] Running SoapUI testcase [TC26]
2020-06-13 18:17:47,378 INFO  [SoapUITestCaseRunner] running step [Add category]
2020-06-13 18:17:47,743 INFO  [log] 516
2020-06-13 18:17:47,746 INFO  [SoapUITestCaseRunner] Assertion [Script Assertion] has status VALID
2020-06-13 18:17:47,749 INFO  [SoapUITestCaseRunner] running step [Add product]
2020-06-13 18:17:48,075 INFO  [log] {"success":1,"error":[],"data":{"id":756}}
2020-06-13 18:17:48,076 INFO  [log] 1
2020-06-13 18:17:48,079 INFO  [log] 756
2020-06-13 18:17:48,085 INFO  [SoapUITestCaseRunner] Assertion [Script Assertion] has status VALID
2020-06-13 18:17:48,085 INFO  [SoapUITestCaseRunner] Assertion [Script Assertion -getproductId] has status VALID
2020-06-13 18:17:48,090 INFO  [SoapUITestCaseRunner] running step [Delete Product By Id]
2020-06-13 18:17:48,437 INFO  [SoapUITestCaseRunner] Assertion [Valid HTTP Status Codes] has status VALID
2020-06-13 18:17:48,438 INFO  [SoapUITestCaseRunner] running step [Delete Category By Id]
2020-06-13 18:17:48,808 INFO  [SoapUITestCaseRunner] Assertion [Valid HTTP Status Codes] has status VALID
2020-06-13 18:17:48,889 INFO  [SoapUITestCaseRunner] Finished running SoapUI testcase [TC26], time taken: 1335ms, status: FINISHED
2020-06-13 18:17:48,905 INFO  [SoapUITestCaseRunner] Running SoapUI testcase [Logout]
2020-06-13 18:17:48,907 INFO  [SoapUITestCaseRunner] running step [Admin_Logout]
2020-06-13 18:17:49,225 INFO  [log] 200
2020-06-13 18:17:49,226 INFO  [log] {"success":1,"error":[],"data":[]}
2020-06-13 18:17:49,228 INFO  [log] 1
2020-06-13 18:17:49,233 INFO  [SoapUITestCaseRunner] Assertion [Script Assertion] has status VALID
2020-06-13 18:17:49,236 INFO  [SoapUITestCaseRunner] Assertion [Valid HTTP Status Codes] has status VALID
2020-06-13 18:17:49,239 INFO  [SoapUITestCaseRunner] Finished running SoapUI testcase [Logout], time taken: 310ms, status: FINISHED
2020-06-13 18:17:49,243 INFO  [SoapUITestCaseRunner] Finished running SoapUI testcase [TC26 -DBconnect], time taken: 4656ms, status: FINISHED
2020-06-13 18:17:49,249 INFO  [SoapUITestCaseRunner] Project [REST- PROJECT] finished with status [FINISHED] in 30600ms
2020-06-13 18:17:52,223 WARN  [Tools] Could not delete temporary directory C:\Users\SUKANY~1\AppData\Local\Temp\25a8c66b-6124-46a8-bd0d-a5d9cbddce0f
2020-06-13 18:17:52,227 WARN  [Tools] Could not delete temporary directory C:\Users\SUKANY~1\AppData\Local\Temp\32a7547c-c671-4453-bab8-bf23002943d0
